INFO - 2024-12-19 11:27:55 --> Session: Class initialized using 'CodeIgniter\Session\Handlers\FileHandler' driver.
INFO - 2024-12-19 11:36:17 --> Session: Class initialized using 'CodeIgniter\Session\Handlers\FileHandler' driver.
INFO - 2024-12-19 11:38:14 --> CSRF token verified.
ERROR - 2024-12-19 11:38:14 --> ErrorException: pg_query(): Query failed: ERRORE:  errore di sintassi a o presso &quot;un&quot;
LINE 1: ...a a conquistare il bel carabiniere o si prendera' un 2 di pi...
                                                             ^ in C:\xampp\htdocs\codeigniter\system\Database\Postgre\Connection.php:187
Stack trace:
#0 [internal function]: CodeIgniter\Debug\Exceptions->errorHandler(2, 'pg_query(): Que...', 'C:\\xampp\\htdocs...', 187)
#1 C:\xampp\htdocs\codeigniter\system\Database\Postgre\Connection.php(187): pg_query(Object(PgSql\Connection), 'INSERT INTO new...')
#2 C:\xampp\htdocs\codeigniter\system\Database\BaseConnection.php(693): CodeIgniter\Database\Postgre\Connection->execute('INSERT INTO new...')
#3 C:\xampp\htdocs\codeigniter\system\Database\BaseConnection.php(607): CodeIgniter\Database\BaseConnection->simpleQuery('INSERT INTO new...')
#4 C:\xampp\htdocs\codeigniter\system\Model.php(867): CodeIgniter\Database\BaseConnection->query('INSERT INTO new...')
#5 C:\xampp\htdocs\codeigniter\app\Models\NewsModel.php(31): CodeIgniter\Model->__call('query', Array)
#6 C:\xampp\htdocs\codeigniter\app\Controllers\News.php(60): App\Models\NewsModel->setNews(Array)
#7 C:\xampp\htdocs\codeigniter\system\CodeIgniter.php(942): App\Controllers\News->create()
#8 C:\xampp\htdocs\codeigniter\system\CodeIgniter.php(502): CodeIgniter\CodeIgniter->runController(Object(App\Controllers\News))
#9 C:\xampp\htdocs\codeigniter\system\CodeIgniter.php(361): CodeIgniter\CodeIgniter->handleRequest(NULL, Object(Config\Cache), false)
#10 C:\xampp\htdocs\codeigniter\index.php(79): CodeIgniter\CodeIgniter->run()
#11 {main}
CRITICAL - 2024-12-19 11:38:14 --> pg_query(): Query failed: ERRORE:  errore di sintassi a o presso &quot;un&quot;
LINE 1: ...a a conquistare il bel carabiniere o si prendera' un 2 di pi...
                                                             ^
in SYSTEMPATH\Database\BaseConnection.php on line 647.
 1 SYSTEMPATH\Model.php(867): CodeIgniter\Database\BaseConnection->query('INSERT INTO news values(4, \'GRAN FINALE DON MATTEO 8\',\'n4\', \'Giulia riuscira a conquistare il bel carabiniere o si prendera\' un 2 di picche\');')
 2 APPPATH\Models\NewsModel.php(31): CodeIgniter\Model->__call('query', [...])
 3 APPPATH\Controllers\News.php(60): App\Models\NewsModel->setNews([...])
 4 SYSTEMPATH\CodeIgniter.php(942): App\Controllers\News->create()
 5 SYSTEMPATH\CodeIgniter.php(502): CodeIgniter\CodeIgniter->runController(Object(App\Controllers\News))
 6 SYSTEMPATH\CodeIgniter.php(361): CodeIgniter\CodeIgniter->handleRequest(null, Object(Config\Cache), false)
 7 FCPATH\index.php(79): CodeIgniter\CodeIgniter->run()
INFO - 2024-12-19 11:38:42 --> Session: Class initialized using 'CodeIgniter\Session\Handlers\FileHandler' driver.
INFO - 2024-12-19 11:39:05 --> CSRF token verified.
INFO - 2024-12-19 11:42:56 --> Session: Class initialized using 'CodeIgniter\Session\Handlers\FileHandler' driver.
