INFO - 2025-03-08 09:48:45 --> Session: Class initialized using 'CodeIgniter\Session\Handlers\FileHandler' driver.
INFO - 2025-03-08 09:48:49 --> Session: Class initialized using 'CodeIgniter\Session\Handlers\FileHandler' driver.
INFO - 2025-03-08 09:48:51 --> Session: Class initialized using 'CodeIgniter\Session\Handlers\FileHandler' driver.
INFO - 2025-03-08 09:49:13 --> CSRF token verified.
INFO - 2025-03-08 09:49:14 --> Session: Class initialized using 'CodeIgniter\Session\Handlers\FileHandler' driver.
INFO - 2025-03-08 09:49:17 --> Session: Class initialized using 'CodeIgniter\Session\Handlers\FileHandler' driver.
INFO - 2025-03-08 09:49:41 --> CSRF token verified.
CRITICAL - 2025-03-08 09:49:41 --> Invalid file: "register.php"
in SYSTEMPATH\Exceptions\FrameworkException.php on line 39.
 1 SYSTEMPATH\View\View.php(216): CodeIgniter\Exceptions\FrameworkException::forInvalidFile('register.php')
 2 SYSTEMPATH\Common.php(1190): CodeIgniter\View\View->render('register', [], true)
 3 APPPATH\Controllers\RegisterController.php(20): view('register', [...])
 4 SYSTEMPATH\CodeIgniter.php(942): App\Controllers\RegisterController->register()
 5 SYSTEMPATH\CodeIgniter.php(502): CodeIgniter\CodeIgniter->runController(Object(App\Controllers\RegisterController))
 6 SYSTEMPATH\CodeIgniter.php(361): CodeIgniter\CodeIgniter->handleRequest(null, Object(Config\Cache), false)
 7 FCPATH\index.php(79): CodeIgniter\CodeIgniter->run()
INFO - 2025-03-08 09:49:46 --> Session: Class initialized using 'CodeIgniter\Session\Handlers\FileHandler' driver.
INFO - 2025-03-08 09:49:59 --> CSRF token verified.
CRITICAL - 2025-03-08 09:49:59 --> Invalid file: "register.php"
in SYSTEMPATH\Exceptions\FrameworkException.php on line 39.
 1 SYSTEMPATH\View\View.php(216): CodeIgniter\Exceptions\FrameworkException::forInvalidFile('register.php')
 2 SYSTEMPATH\Common.php(1190): CodeIgniter\View\View->render('register', [], true)
 3 APPPATH\Controllers\RegisterController.php(20): view('register', [...])
 4 SYSTEMPATH\CodeIgniter.php(942): App\Controllers\RegisterController->register()
 5 SYSTEMPATH\CodeIgniter.php(502): CodeIgniter\CodeIgniter->runController(Object(App\Controllers\RegisterController))
 6 SYSTEMPATH\CodeIgniter.php(361): CodeIgniter\CodeIgniter->handleRequest(null, Object(Config\Cache), false)
 7 FCPATH\index.php(79): CodeIgniter\CodeIgniter->run()
INFO - 2025-03-08 09:51:02 --> Session: Class initialized using 'CodeIgniter\Session\Handlers\FileHandler' driver.
INFO - 2025-03-08 09:51:03 --> Session: Class initialized using 'CodeIgniter\Session\Handlers\FileHandler' driver.
INFO - 2025-03-08 09:51:03 --> Session: Class initialized using 'CodeIgniter\Session\Handlers\FileHandler' driver.
INFO - 2025-03-08 09:51:24 --> CSRF token verified.
CRITICAL - 2025-03-08 09:51:24 --> Invalid file: "register.php"
in SYSTEMPATH\Exceptions\FrameworkException.php on line 39.
 1 SYSTEMPATH\View\View.php(216): CodeIgniter\Exceptions\FrameworkException::forInvalidFile('register.php')
 2 SYSTEMPATH\Common.php(1190): CodeIgniter\View\View->render('register', [], true)
 3 APPPATH\Controllers\RegisterController.php(20): view('register', [...])
 4 SYSTEMPATH\CodeIgniter.php(942): App\Controllers\RegisterController->register()
 5 SYSTEMPATH\CodeIgniter.php(502): CodeIgniter\CodeIgniter->runController(Object(App\Controllers\RegisterController))
 6 SYSTEMPATH\CodeIgniter.php(361): CodeIgniter\CodeIgniter->handleRequest(null, Object(Config\Cache), false)
 7 FCPATH\index.php(79): CodeIgniter\CodeIgniter->run()
INFO - 2025-03-08 09:51:25 --> Session: Class initialized using 'CodeIgniter\Session\Handlers\FileHandler' driver.
INFO - 2025-03-08 09:51:26 --> Session: Class initialized using 'CodeIgniter\Session\Handlers\FileHandler' driver.
INFO - 2025-03-08 09:51:26 --> Session: Class initialized using 'CodeIgniter\Session\Handlers\FileHandler' driver.
INFO - 2025-03-08 09:51:26 --> Session: Class initialized using 'CodeIgniter\Session\Handlers\FileHandler' driver.
INFO - 2025-03-08 09:51:27 --> Session: Class initialized using 'CodeIgniter\Session\Handlers\FileHandler' driver.
INFO - 2025-03-08 09:51:27 --> Session: Class initialized using 'CodeIgniter\Session\Handlers\FileHandler' driver.
INFO - 2025-03-08 09:51:42 --> Session: Class initialized using 'CodeIgniter\Session\Handlers\FileHandler' driver.
INFO - 2025-03-08 09:51:56 --> CSRF token verified.
CRITICAL - 2025-03-08 09:51:56 --> Invalid file: "register.php"
in SYSTEMPATH\Exceptions\FrameworkException.php on line 39.
 1 SYSTEMPATH\View\View.php(216): CodeIgniter\Exceptions\FrameworkException::forInvalidFile('register.php')
 2 SYSTEMPATH\Common.php(1190): CodeIgniter\View\View->render('register', [], true)
 3 APPPATH\Controllers\RegisterController.php(20): view('register', [...])
 4 SYSTEMPATH\CodeIgniter.php(942): App\Controllers\RegisterController->register()
 5 SYSTEMPATH\CodeIgniter.php(502): CodeIgniter\CodeIgniter->runController(Object(App\Controllers\RegisterController))
 6 SYSTEMPATH\CodeIgniter.php(361): CodeIgniter\CodeIgniter->handleRequest(null, Object(Config\Cache), false)
 7 FCPATH\index.php(79): CodeIgniter\CodeIgniter->run()
INFO - 2025-03-08 09:52:21 --> Session: Class initialized using 'CodeIgniter\Session\Handlers\FileHandler' driver.
INFO - 2025-03-08 09:52:28 --> CSRF token verified.
INFO - 2025-03-08 09:52:28 --> Session: Class initialized using 'CodeIgniter\Session\Handlers\FileHandler' driver.
INFO - 2025-03-08 09:52:28 --> Session: Class initialized using 'CodeIgniter\Session\Handlers\FileHandler' driver.
INFO - 2025-03-08 09:53:00 --> CSRF token verified.
INFO - 2025-03-08 09:53:00 --> Session: Class initialized using 'CodeIgniter\Session\Handlers\FileHandler' driver.
INFO - 2025-03-08 09:53:00 --> Session: Class initialized using 'CodeIgniter\Session\Handlers\FileHandler' driver.
INFO - 2025-03-08 09:53:04 --> Session: Class initialized using 'CodeIgniter\Session\Handlers\FileHandler' driver.
INFO - 2025-03-08 09:53:06 --> Session: Class initialized using 'CodeIgniter\Session\Handlers\FileHandler' driver.
INFO - 2025-03-08 09:53:09 --> Session: Class initialized using 'CodeIgniter\Session\Handlers\FileHandler' driver.
INFO - 2025-03-08 09:53:11 --> Session: Class initialized using 'CodeIgniter\Session\Handlers\FileHandler' driver.
INFO - 2025-03-08 09:53:11 --> Session: Class initialized using 'CodeIgniter\Session\Handlers\FileHandler' driver.
INFO - 2025-03-08 09:53:13 --> Session: Class initialized using 'CodeIgniter\Session\Handlers\FileHandler' driver.
INFO - 2025-03-08 09:56:33 --> Session: Class initialized using 'CodeIgniter\Session\Handlers\FileHandler' driver.
INFO - 2025-03-08 09:56:35 --> Session: Class initialized using 'CodeIgniter\Session\Handlers\FileHandler' driver.
INFO - 2025-03-08 09:56:36 --> Session: Class initialized using 'CodeIgniter\Session\Handlers\FileHandler' driver.
INFO - 2025-03-08 09:56:50 --> Session: Class initialized using 'CodeIgniter\Session\Handlers\FileHandler' driver.
INFO - 2025-03-08 09:56:52 --> Session: Class initialized using 'CodeIgniter\Session\Handlers\FileHandler' driver.
INFO - 2025-03-08 09:56:52 --> Session: Class initialized using 'CodeIgniter\Session\Handlers\FileHandler' driver.
INFO - 2025-03-08 09:56:53 --> Session: Class initialized using 'CodeIgniter\Session\Handlers\FileHandler' driver.
INFO - 2025-03-08 09:56:53 --> Session: Class initialized using 'CodeIgniter\Session\Handlers\FileHandler' driver.
INFO - 2025-03-08 09:56:54 --> Session: Class initialized using 'CodeIgniter\Session\Handlers\FileHandler' driver.
INFO - 2025-03-08 09:56:54 --> Session: Class initialized using 'CodeIgniter\Session\Handlers\FileHandler' driver.
INFO - 2025-03-08 09:56:55 --> Session: Class initialized using 'CodeIgniter\Session\Handlers\FileHandler' driver.
INFO - 2025-03-08 09:57:26 --> Session: Class initialized using 'CodeIgniter\Session\Handlers\FileHandler' driver.
INFO - 2025-03-08 09:57:27 --> Session: Class initialized using 'CodeIgniter\Session\Handlers\FileHandler' driver.
INFO - 2025-03-08 09:57:28 --> Session: Class initialized using 'CodeIgniter\Session\Handlers\FileHandler' driver.
INFO - 2025-03-08 09:57:29 --> Session: Class initialized using 'CodeIgniter\Session\Handlers\FileHandler' driver.
INFO - 2025-03-08 09:57:29 --> Session: Class initialized using 'CodeIgniter\Session\Handlers\FileHandler' driver.
INFO - 2025-03-08 09:57:30 --> Session: Class initialized using 'CodeIgniter\Session\Handlers\FileHandler' driver.
INFO - 2025-03-08 09:57:31 --> Session: Class initialized using 'CodeIgniter\Session\Handlers\FileHandler' driver.
INFO - 2025-03-08 09:57:31 --> Session: Class initialized using 'CodeIgniter\Session\Handlers\FileHandler' driver.
INFO - 2025-03-08 09:57:31 --> Session: Class initialized using 'CodeIgniter\Session\Handlers\FileHandler' driver.
INFO - 2025-03-08 09:57:32 --> Session: Class initialized using 'CodeIgniter\Session\Handlers\FileHandler' driver.
INFO - 2025-03-08 09:57:56 --> Session: Class initialized using 'CodeIgniter\Session\Handlers\FileHandler' driver.
INFO - 2025-03-08 09:57:58 --> Session: Class initialized using 'CodeIgniter\Session\Handlers\FileHandler' driver.
INFO - 2025-03-08 09:57:59 --> Session: Class initialized using 'CodeIgniter\Session\Handlers\FileHandler' driver.
INFO - 2025-03-08 09:57:59 --> Session: Class initialized using 'CodeIgniter\Session\Handlers\FileHandler' driver.
INFO - 2025-03-08 09:57:59 --> Session: Class initialized using 'CodeIgniter\Session\Handlers\FileHandler' driver.
INFO - 2025-03-08 09:58:00 --> Session: Class initialized using 'CodeIgniter\Session\Handlers\FileHandler' driver.
INFO - 2025-03-08 09:58:00 --> Session: Class initialized using 'CodeIgniter\Session\Handlers\FileHandler' driver.
INFO - 2025-03-08 09:58:01 --> Session: Class initialized using 'CodeIgniter\Session\Handlers\FileHandler' driver.
INFO - 2025-03-08 09:58:01 --> Session: Class initialized using 'CodeIgniter\Session\Handlers\FileHandler' driver.
INFO - 2025-03-08 09:58:02 --> Session: Class initialized using 'CodeIgniter\Session\Handlers\FileHandler' driver.
INFO - 2025-03-08 09:58:03 --> Session: Class initialized using 'CodeIgniter\Session\Handlers\FileHandler' driver.
INFO - 2025-03-08 09:58:04 --> Session: Class initialized using 'CodeIgniter\Session\Handlers\FileHandler' driver.
INFO - 2025-03-08 09:58:04 --> Session: Class initialized using 'CodeIgniter\Session\Handlers\FileHandler' driver.
INFO - 2025-03-08 09:58:05 --> Session: Class initialized using 'CodeIgniter\Session\Handlers\FileHandler' driver.
INFO - 2025-03-08 09:58:07 --> Session: Class initialized using 'CodeIgniter\Session\Handlers\FileHandler' driver.
INFO - 2025-03-08 09:58:08 --> Session: Class initialized using 'CodeIgniter\Session\Handlers\FileHandler' driver.
INFO - 2025-03-08 09:58:08 --> Session: Class initialized using 'CodeIgniter\Session\Handlers\FileHandler' driver.
INFO - 2025-03-08 09:58:13 --> Session: Class initialized using 'CodeIgniter\Session\Handlers\FileHandler' driver.
INFO - 2025-03-08 09:58:14 --> Session: Class initialized using 'CodeIgniter\Session\Handlers\FileHandler' driver.
INFO - 2025-03-08 10:00:57 --> Session: Class initialized using 'CodeIgniter\Session\Handlers\FileHandler' driver.
INFO - 2025-03-08 10:03:02 --> Session: Class initialized using 'CodeIgniter\Session\Handlers\FileHandler' driver.
INFO - 2025-03-08 10:03:04 --> Session: Class initialized using 'CodeIgniter\Session\Handlers\FileHandler' driver.
INFO - 2025-03-08 10:03:05 --> Session: Class initialized using 'CodeIgniter\Session\Handlers\FileHandler' driver.
INFO - 2025-03-08 10:03:05 --> Session: Class initialized using 'CodeIgniter\Session\Handlers\FileHandler' driver.
INFO - 2025-03-08 10:03:05 --> Session: Class initialized using 'CodeIgniter\Session\Handlers\FileHandler' driver.
INFO - 2025-03-08 10:03:07 --> Session: Class initialized using 'CodeIgniter\Session\Handlers\FileHandler' driver.
INFO - 2025-03-08 10:03:08 --> Session: Class initialized using 'CodeIgniter\Session\Handlers\FileHandler' driver.
INFO - 2025-03-08 10:03:10 --> Session: Class initialized using 'CodeIgniter\Session\Handlers\FileHandler' driver.
INFO - 2025-03-08 10:03:11 --> Session: Class initialized using 'CodeIgniter\Session\Handlers\FileHandler' driver.
INFO - 2025-03-08 10:03:11 --> Session: Class initialized using 'CodeIgniter\Session\Handlers\FileHandler' driver.
INFO - 2025-03-08 10:03:12 --> Session: Class initialized using 'CodeIgniter\Session\Handlers\FileHandler' driver.
INFO - 2025-03-08 10:03:12 --> Session: Class initialized using 'CodeIgniter\Session\Handlers\FileHandler' driver.
INFO - 2025-03-08 10:03:12 --> Session: Class initialized using 'CodeIgniter\Session\Handlers\FileHandler' driver.
INFO - 2025-03-08 10:03:13 --> Session: Class initialized using 'CodeIgniter\Session\Handlers\FileHandler' driver.
INFO - 2025-03-08 10:03:16 --> Session: Class initialized using 'CodeIgniter\Session\Handlers\FileHandler' driver.
INFO - 2025-03-08 10:03:17 --> Session: Class initialized using 'CodeIgniter\Session\Handlers\FileHandler' driver.
INFO - 2025-03-08 10:03:17 --> Session: Class initialized using 'CodeIgniter\Session\Handlers\FileHandler' driver.
INFO - 2025-03-08 10:04:37 --> Session: Class initialized using 'CodeIgniter\Session\Handlers\FileHandler' driver.
INFO - 2025-03-08 10:04:38 --> Session: Class initialized using 'CodeIgniter\Session\Handlers\FileHandler' driver.
INFO - 2025-03-08 10:04:38 --> Session: Class initialized using 'CodeIgniter\Session\Handlers\FileHandler' driver.
INFO - 2025-03-08 10:04:38 --> Session: Class initialized using 'CodeIgniter\Session\Handlers\FileHandler' driver.
INFO - 2025-03-08 10:04:39 --> Session: Class initialized using 'CodeIgniter\Session\Handlers\FileHandler' driver.
INFO - 2025-03-08 10:04:39 --> Session: Class initialized using 'CodeIgniter\Session\Handlers\FileHandler' driver.
INFO - 2025-03-08 10:04:40 --> Session: Class initialized using 'CodeIgniter\Session\Handlers\FileHandler' driver.
INFO - 2025-03-08 10:04:40 --> Session: Class initialized using 'CodeIgniter\Session\Handlers\FileHandler' driver.
INFO - 2025-03-08 10:04:40 --> Session: Class initialized using 'CodeIgniter\Session\Handlers\FileHandler' driver.
INFO - 2025-03-08 10:04:41 --> Session: Class initialized using 'CodeIgniter\Session\Handlers\FileHandler' driver.
INFO - 2025-03-08 10:05:12 --> Session: Class initialized using 'CodeIgniter\Session\Handlers\FileHandler' driver.
INFO - 2025-03-08 10:05:12 --> Session: Class initialized using 'CodeIgniter\Session\Handlers\FileHandler' driver.
INFO - 2025-03-08 10:05:13 --> Session: Class initialized using 'CodeIgniter\Session\Handlers\FileHandler' driver.
INFO - 2025-03-08 10:05:15 --> Session: Class initialized using 'CodeIgniter\Session\Handlers\FileHandler' driver.
INFO - 2025-03-08 10:05:15 --> Session: Class initialized using 'CodeIgniter\Session\Handlers\FileHandler' driver.
INFO - 2025-03-08 10:05:16 --> Session: Class initialized using 'CodeIgniter\Session\Handlers\FileHandler' driver.
INFO - 2025-03-08 10:05:16 --> Session: Class initialized using 'CodeIgniter\Session\Handlers\FileHandler' driver.
INFO - 2025-03-08 10:05:16 --> Session: Class initialized using 'CodeIgniter\Session\Handlers\FileHandler' driver.
INFO - 2025-03-08 10:05:17 --> Session: Class initialized using 'CodeIgniter\Session\Handlers\FileHandler' driver.
INFO - 2025-03-08 10:05:17 --> Session: Class initialized using 'CodeIgniter\Session\Handlers\FileHandler' driver.
INFO - 2025-03-08 10:08:47 --> Session: Class initialized using 'CodeIgniter\Session\Handlers\FileHandler' driver.
INFO - 2025-03-08 10:08:48 --> Session: Class initialized using 'CodeIgniter\Session\Handlers\FileHandler' driver.
INFO - 2025-03-08 10:08:49 --> Session: Class initialized using 'CodeIgniter\Session\Handlers\FileHandler' driver.
INFO - 2025-03-08 10:08:49 --> Session: Class initialized using 'CodeIgniter\Session\Handlers\FileHandler' driver.
INFO - 2025-03-08 10:08:50 --> Session: Class initialized using 'CodeIgniter\Session\Handlers\FileHandler' driver.
INFO - 2025-03-08 10:08:50 --> Session: Class initialized using 'CodeIgniter\Session\Handlers\FileHandler' driver.
INFO - 2025-03-08 10:08:52 --> Session: Class initialized using 'CodeIgniter\Session\Handlers\FileHandler' driver.
INFO - 2025-03-08 10:08:52 --> Session: Class initialized using 'CodeIgniter\Session\Handlers\FileHandler' driver.
INFO - 2025-03-08 10:08:53 --> Session: Class initialized using 'CodeIgniter\Session\Handlers\FileHandler' driver.
INFO - 2025-03-08 10:08:53 --> Session: Class initialized using 'CodeIgniter\Session\Handlers\FileHandler' driver.
INFO - 2025-03-08 10:08:54 --> Session: Class initialized using 'CodeIgniter\Session\Handlers\FileHandler' driver.
INFO - 2025-03-08 10:08:54 --> Session: Class initialized using 'CodeIgniter\Session\Handlers\FileHandler' driver.
INFO - 2025-03-08 10:08:55 --> Session: Class initialized using 'CodeIgniter\Session\Handlers\FileHandler' driver.
INFO - 2025-03-08 10:08:55 --> Session: Class initialized using 'CodeIgniter\Session\Handlers\FileHandler' driver.
INFO - 2025-03-08 10:08:56 --> Session: Class initialized using 'CodeIgniter\Session\Handlers\FileHandler' driver.
INFO - 2025-03-08 10:08:56 --> Session: Class initialized using 'CodeIgniter\Session\Handlers\FileHandler' driver.
INFO - 2025-03-08 10:08:57 --> Session: Class initialized using 'CodeIgniter\Session\Handlers\FileHandler' driver.
INFO - 2025-03-08 10:08:58 --> Session: Class initialized using 'CodeIgniter\Session\Handlers\FileHandler' driver.
INFO - 2025-03-08 10:08:58 --> Session: Class initialized using 'CodeIgniter\Session\Handlers\FileHandler' driver.
INFO - 2025-03-08 10:08:58 --> Session: Class initialized using 'CodeIgniter\Session\Handlers\FileHandler' driver.
INFO - 2025-03-08 10:09:36 --> Session: Class initialized using 'CodeIgniter\Session\Handlers\FileHandler' driver.
WARNING - 2025-03-08 10:09:36 --> Session: Sessions is enabled, and one exists. Please don't $session->start();
INFO - 2025-03-08 10:09:37 --> Session: Class initialized using 'CodeIgniter\Session\Handlers\FileHandler' driver.
WARNING - 2025-03-08 10:09:37 --> Session: Sessions is enabled, and one exists. Please don't $session->start();
INFO - 2025-03-08 10:09:38 --> Session: Class initialized using 'CodeIgniter\Session\Handlers\FileHandler' driver.
WARNING - 2025-03-08 10:09:38 --> Session: Sessions is enabled, and one exists. Please don't $session->start();
INFO - 2025-03-08 10:09:38 --> Session: Class initialized using 'CodeIgniter\Session\Handlers\FileHandler' driver.
WARNING - 2025-03-08 10:09:38 --> Session: Sessions is enabled, and one exists. Please don't $session->start();
INFO - 2025-03-08 10:09:38 --> Session: Class initialized using 'CodeIgniter\Session\Handlers\FileHandler' driver.
WARNING - 2025-03-08 10:09:38 --> Session: Sessions is enabled, and one exists. Please don't $session->start();
INFO - 2025-03-08 10:09:38 --> Session: Class initialized using 'CodeIgniter\Session\Handlers\FileHandler' driver.
WARNING - 2025-03-08 10:09:38 --> Session: Sessions is enabled, and one exists. Please don't $session->start();
INFO - 2025-03-08 10:09:38 --> Session: Class initialized using 'CodeIgniter\Session\Handlers\FileHandler' driver.
WARNING - 2025-03-08 10:09:38 --> Session: Sessions is enabled, and one exists. Please don't $session->start();
INFO - 2025-03-08 10:09:39 --> Session: Class initialized using 'CodeIgniter\Session\Handlers\FileHandler' driver.
WARNING - 2025-03-08 10:09:39 --> Session: Sessions is enabled, and one exists. Please don't $session->start();
INFO - 2025-03-08 10:09:39 --> Session: Class initialized using 'CodeIgniter\Session\Handlers\FileHandler' driver.
WARNING - 2025-03-08 10:09:39 --> Session: Sessions is enabled, and one exists. Please don't $session->start();
INFO - 2025-03-08 10:09:39 --> Session: Class initialized using 'CodeIgniter\Session\Handlers\FileHandler' driver.
WARNING - 2025-03-08 10:09:39 --> Session: Sessions is enabled, and one exists. Please don't $session->start();
INFO - 2025-03-08 10:09:40 --> Session: Class initialized using 'CodeIgniter\Session\Handlers\FileHandler' driver.
WARNING - 2025-03-08 10:09:40 --> Session: Sessions is enabled, and one exists. Please don't $session->start();
INFO - 2025-03-08 10:09:41 --> Session: Class initialized using 'CodeIgniter\Session\Handlers\FileHandler' driver.
WARNING - 2025-03-08 10:09:41 --> Session: Sessions is enabled, and one exists. Please don't $session->start();
INFO - 2025-03-08 10:09:42 --> Session: Class initialized using 'CodeIgniter\Session\Handlers\FileHandler' driver.
WARNING - 2025-03-08 10:09:42 --> Session: Sessions is enabled, and one exists. Please don't $session->start();
INFO - 2025-03-08 10:09:42 --> Session: Class initialized using 'CodeIgniter\Session\Handlers\FileHandler' driver.
WARNING - 2025-03-08 10:09:42 --> Session: Sessions is enabled, and one exists. Please don't $session->start();
INFO - 2025-03-08 10:09:43 --> Session: Class initialized using 'CodeIgniter\Session\Handlers\FileHandler' driver.
WARNING - 2025-03-08 10:09:43 --> Session: Sessions is enabled, and one exists. Please don't $session->start();
INFO - 2025-03-08 10:09:43 --> Session: Class initialized using 'CodeIgniter\Session\Handlers\FileHandler' driver.
WARNING - 2025-03-08 10:09:43 --> Session: Sessions is enabled, and one exists. Please don't $session->start();
INFO - 2025-03-08 10:09:46 --> Session: Class initialized using 'CodeIgniter\Session\Handlers\FileHandler' driver.
WARNING - 2025-03-08 10:09:46 --> Session: Sessions is enabled, and one exists. Please don't $session->start();
INFO - 2025-03-08 10:09:47 --> Session: Class initialized using 'CodeIgniter\Session\Handlers\FileHandler' driver.
WARNING - 2025-03-08 10:09:47 --> Session: Sessions is enabled, and one exists. Please don't $session->start();
INFO - 2025-03-08 10:09:49 --> Session: Class initialized using 'CodeIgniter\Session\Handlers\FileHandler' driver.
WARNING - 2025-03-08 10:09:49 --> Session: Sessions is enabled, and one exists. Please don't $session->start();
INFO - 2025-03-08 10:09:49 --> Session: Class initialized using 'CodeIgniter\Session\Handlers\FileHandler' driver.
WARNING - 2025-03-08 10:09:49 --> Session: Sessions is enabled, and one exists. Please don't $session->start();
INFO - 2025-03-08 10:09:50 --> Session: Class initialized using 'CodeIgniter\Session\Handlers\FileHandler' driver.
WARNING - 2025-03-08 10:09:50 --> Session: Sessions is enabled, and one exists. Please don't $session->start();
INFO - 2025-03-08 10:09:51 --> Session: Class initialized using 'CodeIgniter\Session\Handlers\FileHandler' driver.
WARNING - 2025-03-08 10:09:51 --> Session: Sessions is enabled, and one exists. Please don't $session->start();
INFO - 2025-03-08 10:09:51 --> Session: Class initialized using 'CodeIgniter\Session\Handlers\FileHandler' driver.
WARNING - 2025-03-08 10:09:51 --> Session: Sessions is enabled, and one exists. Please don't $session->start();
INFO - 2025-03-08 10:09:52 --> Session: Class initialized using 'CodeIgniter\Session\Handlers\FileHandler' driver.
WARNING - 2025-03-08 10:09:52 --> Session: Sessions is enabled, and one exists. Please don't $session->start();
INFO - 2025-03-08 10:09:54 --> Session: Class initialized using 'CodeIgniter\Session\Handlers\FileHandler' driver.
WARNING - 2025-03-08 10:09:54 --> Session: Sessions is enabled, and one exists. Please don't $session->start();
INFO - 2025-03-08 10:14:03 --> Session: Class initialized using 'CodeIgniter\Session\Handlers\FileHandler' driver.
WARNING - 2025-03-08 10:14:03 --> Session: Sessions is enabled, and one exists. Please don't $session->start();
INFO - 2025-03-08 10:14:04 --> Session: Class initialized using 'CodeIgniter\Session\Handlers\FileHandler' driver.
WARNING - 2025-03-08 10:14:04 --> Session: Sessions is enabled, and one exists. Please don't $session->start();
INFO - 2025-03-08 10:14:04 --> Session: Class initialized using 'CodeIgniter\Session\Handlers\FileHandler' driver.
WARNING - 2025-03-08 10:14:04 --> Session: Sessions is enabled, and one exists. Please don't $session->start();
INFO - 2025-03-08 10:14:04 --> Session: Class initialized using 'CodeIgniter\Session\Handlers\FileHandler' driver.
WARNING - 2025-03-08 10:14:04 --> Session: Sessions is enabled, and one exists. Please don't $session->start();
INFO - 2025-03-08 10:14:06 --> Session: Class initialized using 'CodeIgniter\Session\Handlers\FileHandler' driver.
WARNING - 2025-03-08 10:14:06 --> Session: Sessions is enabled, and one exists. Please don't $session->start();
INFO - 2025-03-08 10:14:07 --> Session: Class initialized using 'CodeIgniter\Session\Handlers\FileHandler' driver.
WARNING - 2025-03-08 10:14:07 --> Session: Sessions is enabled, and one exists. Please don't $session->start();
INFO - 2025-03-08 10:14:07 --> Session: Class initialized using 'CodeIgniter\Session\Handlers\FileHandler' driver.
WARNING - 2025-03-08 10:14:07 --> Session: Sessions is enabled, and one exists. Please don't $session->start();
INFO - 2025-03-08 10:18:45 --> Session: Class initialized using 'CodeIgniter\Session\Handlers\FileHandler' driver.
WARNING - 2025-03-08 10:18:45 --> Session: Sessions is enabled, and one exists. Please don't $session->start();
INFO - 2025-03-08 10:18:45 --> Session: Class initialized using 'CodeIgniter\Session\Handlers\FileHandler' driver.
WARNING - 2025-03-08 10:18:45 --> Session: Sessions is enabled, and one exists. Please don't $session->start();
INFO - 2025-03-08 10:18:46 --> Session: Class initialized using 'CodeIgniter\Session\Handlers\FileHandler' driver.
WARNING - 2025-03-08 10:18:46 --> Session: Sessions is enabled, and one exists. Please don't $session->start();
INFO - 2025-03-08 10:18:47 --> Session: Class initialized using 'CodeIgniter\Session\Handlers\FileHandler' driver.
WARNING - 2025-03-08 10:18:47 --> Session: Sessions is enabled, and one exists. Please don't $session->start();
INFO - 2025-03-08 10:18:48 --> Session: Class initialized using 'CodeIgniter\Session\Handlers\FileHandler' driver.
WARNING - 2025-03-08 10:18:48 --> Session: Sessions is enabled, and one exists. Please don't $session->start();
INFO - 2025-03-08 10:18:48 --> Session: Class initialized using 'CodeIgniter\Session\Handlers\FileHandler' driver.
WARNING - 2025-03-08 10:18:48 --> Session: Sessions is enabled, and one exists. Please don't $session->start();
INFO - 2025-03-08 10:18:48 --> Session: Class initialized using 'CodeIgniter\Session\Handlers\FileHandler' driver.
WARNING - 2025-03-08 10:18:48 --> Session: Sessions is enabled, and one exists. Please don't $session->start();
INFO - 2025-03-08 10:18:49 --> Session: Class initialized using 'CodeIgniter\Session\Handlers\FileHandler' driver.
WARNING - 2025-03-08 10:18:49 --> Session: Sessions is enabled, and one exists. Please don't $session->start();
INFO - 2025-03-08 10:18:49 --> Session: Class initialized using 'CodeIgniter\Session\Handlers\FileHandler' driver.
WARNING - 2025-03-08 10:18:49 --> Session: Sessions is enabled, and one exists. Please don't $session->start();
INFO - 2025-03-08 10:18:49 --> Session: Class initialized using 'CodeIgniter\Session\Handlers\FileHandler' driver.
WARNING - 2025-03-08 10:18:49 --> Session: Sessions is enabled, and one exists. Please don't $session->start();
INFO - 2025-03-08 10:18:51 --> Session: Class initialized using 'CodeIgniter\Session\Handlers\FileHandler' driver.
WARNING - 2025-03-08 10:18:51 --> Session: Sessions is enabled, and one exists. Please don't $session->start();
INFO - 2025-03-08 10:18:51 --> Session: Class initialized using 'CodeIgniter\Session\Handlers\FileHandler' driver.
WARNING - 2025-03-08 10:18:51 --> Session: Sessions is enabled, and one exists. Please don't $session->start();
INFO - 2025-03-08 10:18:53 --> Session: Class initialized using 'CodeIgniter\Session\Handlers\FileHandler' driver.
WARNING - 2025-03-08 10:18:53 --> Session: Sessions is enabled, and one exists. Please don't $session->start();
INFO - 2025-03-08 10:19:05 --> Session: Class initialized using 'CodeIgniter\Session\Handlers\FileHandler' driver.
WARNING - 2025-03-08 10:19:05 --> Session: Sessions is enabled, and one exists. Please don't $session->start();
INFO - 2025-03-08 10:20:53 --> Session: Class initialized using 'CodeIgniter\Session\Handlers\FileHandler' driver.
WARNING - 2025-03-08 10:20:53 --> Session: Sessions is enabled, and one exists. Please don't $session->start();
INFO - 2025-03-08 10:20:54 --> Session: Class initialized using 'CodeIgniter\Session\Handlers\FileHandler' driver.
WARNING - 2025-03-08 10:20:54 --> Session: Sessions is enabled, and one exists. Please don't $session->start();
INFO - 2025-03-08 10:20:55 --> Session: Class initialized using 'CodeIgniter\Session\Handlers\FileHandler' driver.
WARNING - 2025-03-08 10:20:55 --> Session: Sessions is enabled, and one exists. Please don't $session->start();
INFO - 2025-03-08 10:20:56 --> Session: Class initialized using 'CodeIgniter\Session\Handlers\FileHandler' driver.
WARNING - 2025-03-08 10:20:56 --> Session: Sessions is enabled, and one exists. Please don't $session->start();
INFO - 2025-03-08 10:20:56 --> Session: Class initialized using 'CodeIgniter\Session\Handlers\FileHandler' driver.
WARNING - 2025-03-08 10:20:56 --> Session: Sessions is enabled, and one exists. Please don't $session->start();
INFO - 2025-03-08 10:20:57 --> Session: Class initialized using 'CodeIgniter\Session\Handlers\FileHandler' driver.
WARNING - 2025-03-08 10:20:57 --> Session: Sessions is enabled, and one exists. Please don't $session->start();
INFO - 2025-03-08 10:20:57 --> Session: Class initialized using 'CodeIgniter\Session\Handlers\FileHandler' driver.
WARNING - 2025-03-08 10:20:57 --> Session: Sessions is enabled, and one exists. Please don't $session->start();
INFO - 2025-03-08 10:20:57 --> Session: Class initialized using 'CodeIgniter\Session\Handlers\FileHandler' driver.
WARNING - 2025-03-08 10:20:57 --> Session: Sessions is enabled, and one exists. Please don't $session->start();
INFO - 2025-03-08 10:20:58 --> Session: Class initialized using 'CodeIgniter\Session\Handlers\FileHandler' driver.
WARNING - 2025-03-08 10:20:58 --> Session: Sessions is enabled, and one exists. Please don't $session->start();
INFO - 2025-03-08 10:20:58 --> Session: Class initialized using 'CodeIgniter\Session\Handlers\FileHandler' driver.
WARNING - 2025-03-08 10:20:58 --> Session: Sessions is enabled, and one exists. Please don't $session->start();
INFO - 2025-03-08 10:20:58 --> Session: Class initialized using 'CodeIgniter\Session\Handlers\FileHandler' driver.
WARNING - 2025-03-08 10:20:58 --> Session: Sessions is enabled, and one exists. Please don't $session->start();
INFO - 2025-03-08 10:20:59 --> Session: Class initialized using 'CodeIgniter\Session\Handlers\FileHandler' driver.
WARNING - 2025-03-08 10:20:59 --> Session: Sessions is enabled, and one exists. Please don't $session->start();
INFO - 2025-03-08 10:20:59 --> Session: Class initialized using 'CodeIgniter\Session\Handlers\FileHandler' driver.
WARNING - 2025-03-08 10:20:59 --> Session: Sessions is enabled, and one exists. Please don't $session->start();
INFO - 2025-03-08 10:20:59 --> Session: Class initialized using 'CodeIgniter\Session\Handlers\FileHandler' driver.
WARNING - 2025-03-08 10:20:59 --> Session: Sessions is enabled, and one exists. Please don't $session->start();
INFO - 2025-03-08 10:20:59 --> Session: Class initialized using 'CodeIgniter\Session\Handlers\FileHandler' driver.
WARNING - 2025-03-08 10:20:59 --> Session: Sessions is enabled, and one exists. Please don't $session->start();
INFO - 2025-03-08 10:20:59 --> Session: Class initialized using 'CodeIgniter\Session\Handlers\FileHandler' driver.
WARNING - 2025-03-08 10:20:59 --> Session: Sessions is enabled, and one exists. Please don't $session->start();
INFO - 2025-03-08 10:20:59 --> Session: Class initialized using 'CodeIgniter\Session\Handlers\FileHandler' driver.
WARNING - 2025-03-08 10:20:59 --> Session: Sessions is enabled, and one exists. Please don't $session->start();
INFO - 2025-03-08 10:21:00 --> Session: Class initialized using 'CodeIgniter\Session\Handlers\FileHandler' driver.
WARNING - 2025-03-08 10:21:00 --> Session: Sessions is enabled, and one exists. Please don't $session->start();
INFO - 2025-03-08 10:21:00 --> Session: Class initialized using 'CodeIgniter\Session\Handlers\FileHandler' driver.
WARNING - 2025-03-08 10:21:00 --> Session: Sessions is enabled, and one exists. Please don't $session->start();
INFO - 2025-03-08 10:21:00 --> Session: Class initialized using 'CodeIgniter\Session\Handlers\FileHandler' driver.
WARNING - 2025-03-08 10:21:00 --> Session: Sessions is enabled, and one exists. Please don't $session->start();
INFO - 2025-03-08 10:21:00 --> Session: Class initialized using 'CodeIgniter\Session\Handlers\FileHandler' driver.
WARNING - 2025-03-08 10:21:00 --> Session: Sessions is enabled, and one exists. Please don't $session->start();
INFO - 2025-03-08 10:21:00 --> Session: Class initialized using 'CodeIgniter\Session\Handlers\FileHandler' driver.
WARNING - 2025-03-08 10:21:00 --> Session: Sessions is enabled, and one exists. Please don't $session->start();
INFO - 2025-03-08 10:21:00 --> Session: Class initialized using 'CodeIgniter\Session\Handlers\FileHandler' driver.
WARNING - 2025-03-08 10:21:00 --> Session: Sessions is enabled, and one exists. Please don't $session->start();
INFO - 2025-03-08 10:21:01 --> Session: Class initialized using 'CodeIgniter\Session\Handlers\FileHandler' driver.
WARNING - 2025-03-08 10:21:01 --> Session: Sessions is enabled, and one exists. Please don't $session->start();
INFO - 2025-03-08 10:21:01 --> Session: Class initialized using 'CodeIgniter\Session\Handlers\FileHandler' driver.
WARNING - 2025-03-08 10:21:01 --> Session: Sessions is enabled, and one exists. Please don't $session->start();
INFO - 2025-03-08 10:21:01 --> Session: Class initialized using 'CodeIgniter\Session\Handlers\FileHandler' driver.
WARNING - 2025-03-08 10:21:01 --> Session: Sessions is enabled, and one exists. Please don't $session->start();
INFO - 2025-03-08 10:21:01 --> Session: Class initialized using 'CodeIgniter\Session\Handlers\FileHandler' driver.
WARNING - 2025-03-08 10:21:01 --> Session: Sessions is enabled, and one exists. Please don't $session->start();
INFO - 2025-03-08 10:21:01 --> Session: Class initialized using 'CodeIgniter\Session\Handlers\FileHandler' driver.
WARNING - 2025-03-08 10:21:01 --> Session: Sessions is enabled, and one exists. Please don't $session->start();
INFO - 2025-03-08 10:21:02 --> Session: Class initialized using 'CodeIgniter\Session\Handlers\FileHandler' driver.
WARNING - 2025-03-08 10:21:02 --> Session: Sessions is enabled, and one exists. Please don't $session->start();
INFO - 2025-03-08 10:21:02 --> Session: Class initialized using 'CodeIgniter\Session\Handlers\FileHandler' driver.
WARNING - 2025-03-08 10:21:02 --> Session: Sessions is enabled, and one exists. Please don't $session->start();
INFO - 2025-03-08 10:21:02 --> Session: Class initialized using 'CodeIgniter\Session\Handlers\FileHandler' driver.
WARNING - 2025-03-08 10:21:02 --> Session: Sessions is enabled, and one exists. Please don't $session->start();
INFO - 2025-03-08 10:21:02 --> Session: Class initialized using 'CodeIgniter\Session\Handlers\FileHandler' driver.
WARNING - 2025-03-08 10:21:02 --> Session: Sessions is enabled, and one exists. Please don't $session->start();
INFO - 2025-03-08 10:21:02 --> Session: Class initialized using 'CodeIgniter\Session\Handlers\FileHandler' driver.
WARNING - 2025-03-08 10:21:02 --> Session: Sessions is enabled, and one exists. Please don't $session->start();
INFO - 2025-03-08 10:22:40 --> Session: Class initialized using 'CodeIgniter\Session\Handlers\FileHandler' driver.
WARNING - 2025-03-08 10:22:40 --> Session: Sessions is enabled, and one exists. Please don't $session->start();
INFO - 2025-03-08 10:22:41 --> Session: Class initialized using 'CodeIgniter\Session\Handlers\FileHandler' driver.
WARNING - 2025-03-08 10:22:41 --> Session: Sessions is enabled, and one exists. Please don't $session->start();
INFO - 2025-03-08 10:22:41 --> Session: Class initialized using 'CodeIgniter\Session\Handlers\FileHandler' driver.
WARNING - 2025-03-08 10:22:41 --> Session: Sessions is enabled, and one exists. Please don't $session->start();
INFO - 2025-03-08 10:22:42 --> Session: Class initialized using 'CodeIgniter\Session\Handlers\FileHandler' driver.
WARNING - 2025-03-08 10:22:42 --> Session: Sessions is enabled, and one exists. Please don't $session->start();
INFO - 2025-03-08 10:22:42 --> Session: Class initialized using 'CodeIgniter\Session\Handlers\FileHandler' driver.
WARNING - 2025-03-08 10:22:42 --> Session: Sessions is enabled, and one exists. Please don't $session->start();
INFO - 2025-03-08 10:22:44 --> Session: Class initialized using 'CodeIgniter\Session\Handlers\FileHandler' driver.
WARNING - 2025-03-08 10:22:44 --> Session: Sessions is enabled, and one exists. Please don't $session->start();
INFO - 2025-03-08 10:22:45 --> Session: Class initialized using 'CodeIgniter\Session\Handlers\FileHandler' driver.
WARNING - 2025-03-08 10:22:45 --> Session: Sessions is enabled, and one exists. Please don't $session->start();
INFO - 2025-03-08 10:22:45 --> Session: Class initialized using 'CodeIgniter\Session\Handlers\FileHandler' driver.
WARNING - 2025-03-08 10:22:45 --> Session: Sessions is enabled, and one exists. Please don't $session->start();
INFO - 2025-03-08 10:22:45 --> Session: Class initialized using 'CodeIgniter\Session\Handlers\FileHandler' driver.
WARNING - 2025-03-08 10:22:45 --> Session: Sessions is enabled, and one exists. Please don't $session->start();
INFO - 2025-03-08 10:22:46 --> Session: Class initialized using 'CodeIgniter\Session\Handlers\FileHandler' driver.
WARNING - 2025-03-08 10:22:46 --> Session: Sessions is enabled, and one exists. Please don't $session->start();
INFO - 2025-03-08 10:22:47 --> Session: Class initialized using 'CodeIgniter\Session\Handlers\FileHandler' driver.
WARNING - 2025-03-08 10:22:47 --> Session: Sessions is enabled, and one exists. Please don't $session->start();
INFO - 2025-03-08 10:22:48 --> Session: Class initialized using 'CodeIgniter\Session\Handlers\FileHandler' driver.
WARNING - 2025-03-08 10:22:48 --> Session: Sessions is enabled, and one exists. Please don't $session->start();
INFO - 2025-03-08 10:22:50 --> Session: Class initialized using 'CodeIgniter\Session\Handlers\FileHandler' driver.
WARNING - 2025-03-08 10:22:50 --> Session: Sessions is enabled, and one exists. Please don't $session->start();
INFO - 2025-03-08 10:22:50 --> Session: Class initialized using 'CodeIgniter\Session\Handlers\FileHandler' driver.
WARNING - 2025-03-08 10:22:50 --> Session: Sessions is enabled, and one exists. Please don't $session->start();
INFO - 2025-03-08 10:23:51 --> Session: Class initialized using 'CodeIgniter\Session\Handlers\FileHandler' driver.
WARNING - 2025-03-08 10:23:51 --> Session: Sessions is enabled, and one exists. Please don't $session->start();
INFO - 2025-03-08 10:23:52 --> Session: Class initialized using 'CodeIgniter\Session\Handlers\FileHandler' driver.
WARNING - 2025-03-08 10:23:52 --> Session: Sessions is enabled, and one exists. Please don't $session->start();
INFO - 2025-03-08 10:23:53 --> Session: Class initialized using 'CodeIgniter\Session\Handlers\FileHandler' driver.
WARNING - 2025-03-08 10:23:53 --> Session: Sessions is enabled, and one exists. Please don't $session->start();
INFO - 2025-03-08 10:23:54 --> Session: Class initialized using 'CodeIgniter\Session\Handlers\FileHandler' driver.
WARNING - 2025-03-08 10:23:54 --> Session: Sessions is enabled, and one exists. Please don't $session->start();
INFO - 2025-03-08 10:23:54 --> Session: Class initialized using 'CodeIgniter\Session\Handlers\FileHandler' driver.
WARNING - 2025-03-08 10:23:54 --> Session: Sessions is enabled, and one exists. Please don't $session->start();
INFO - 2025-03-08 10:23:58 --> Session: Class initialized using 'CodeIgniter\Session\Handlers\FileHandler' driver.
WARNING - 2025-03-08 10:23:58 --> Session: Sessions is enabled, and one exists. Please don't $session->start();
INFO - 2025-03-08 10:23:59 --> Session: Class initialized using 'CodeIgniter\Session\Handlers\FileHandler' driver.
WARNING - 2025-03-08 10:23:59 --> Session: Sessions is enabled, and one exists. Please don't $session->start();
INFO - 2025-03-08 10:24:00 --> Session: Class initialized using 'CodeIgniter\Session\Handlers\FileHandler' driver.
WARNING - 2025-03-08 10:24:00 --> Session: Sessions is enabled, and one exists. Please don't $session->start();
INFO - 2025-03-08 10:24:00 --> Session: Class initialized using 'CodeIgniter\Session\Handlers\FileHandler' driver.
WARNING - 2025-03-08 10:24:00 --> Session: Sessions is enabled, and one exists. Please don't $session->start();
INFO - 2025-03-08 10:24:00 --> Session: Class initialized using 'CodeIgniter\Session\Handlers\FileHandler' driver.
WARNING - 2025-03-08 10:24:00 --> Session: Sessions is enabled, and one exists. Please don't $session->start();
INFO - 2025-03-08 10:24:01 --> Session: Class initialized using 'CodeIgniter\Session\Handlers\FileHandler' driver.
WARNING - 2025-03-08 10:24:01 --> Session: Sessions is enabled, and one exists. Please don't $session->start();
INFO - 2025-03-08 10:24:03 --> Session: Class initialized using 'CodeIgniter\Session\Handlers\FileHandler' driver.
WARNING - 2025-03-08 10:24:03 --> Session: Sessions is enabled, and one exists. Please don't $session->start();
INFO - 2025-03-08 10:24:04 --> Session: Class initialized using 'CodeIgniter\Session\Handlers\FileHandler' driver.
WARNING - 2025-03-08 10:24:04 --> Session: Sessions is enabled, and one exists. Please don't $session->start();
INFO - 2025-03-08 10:24:04 --> Session: Class initialized using 'CodeIgniter\Session\Handlers\FileHandler' driver.
WARNING - 2025-03-08 10:24:04 --> Session: Sessions is enabled, and one exists. Please don't $session->start();
INFO - 2025-03-08 10:24:05 --> Session: Class initialized using 'CodeIgniter\Session\Handlers\FileHandler' driver.
WARNING - 2025-03-08 10:24:05 --> Session: Sessions is enabled, and one exists. Please don't $session->start();
INFO - 2025-03-08 10:24:05 --> Session: Class initialized using 'CodeIgniter\Session\Handlers\FileHandler' driver.
WARNING - 2025-03-08 10:24:05 --> Session: Sessions is enabled, and one exists. Please don't $session->start();
INFO - 2025-03-08 10:24:05 --> Session: Class initialized using 'CodeIgniter\Session\Handlers\FileHandler' driver.
WARNING - 2025-03-08 10:24:05 --> Session: Sessions is enabled, and one exists. Please don't $session->start();
INFO - 2025-03-08 10:30:58 --> Session: Class initialized using 'CodeIgniter\Session\Handlers\FileHandler' driver.
INFO - 2025-03-08 10:30:58 --> Session: Class initialized using 'CodeIgniter\Session\Handlers\FileHandler' driver.
WARNING - 2025-03-08 10:30:58 --> Session: Sessions is enabled, and one exists. Please don't $session->start();
WARNING - 2025-03-08 10:30:58 --> Session: Sessions is enabled, and one exists. Please don't $session->start();
INFO - 2025-03-08 10:35:15 --> Session: Class initialized using 'CodeIgniter\Session\Handlers\FileHandler' driver.
WARNING - 2025-03-08 10:35:15 --> Session: Sessions is enabled, and one exists. Please don't $session->start();
INFO - 2025-03-08 10:35:16 --> Session: Class initialized using 'CodeIgniter\Session\Handlers\FileHandler' driver.
WARNING - 2025-03-08 10:35:16 --> Session: Sessions is enabled, and one exists. Please don't $session->start();
INFO - 2025-03-08 10:35:17 --> Session: Class initialized using 'CodeIgniter\Session\Handlers\FileHandler' driver.
WARNING - 2025-03-08 10:35:17 --> Session: Sessions is enabled, and one exists. Please don't $session->start();
INFO - 2025-03-08 10:35:18 --> Session: Class initialized using 'CodeIgniter\Session\Handlers\FileHandler' driver.
WARNING - 2025-03-08 10:35:18 --> Session: Sessions is enabled, and one exists. Please don't $session->start();
INFO - 2025-03-08 10:35:18 --> Session: Class initialized using 'CodeIgniter\Session\Handlers\FileHandler' driver.
WARNING - 2025-03-08 10:35:18 --> Session: Sessions is enabled, and one exists. Please don't $session->start();
INFO - 2025-03-08 10:35:18 --> Session: Class initialized using 'CodeIgniter\Session\Handlers\FileHandler' driver.
WARNING - 2025-03-08 10:35:18 --> Session: Sessions is enabled, and one exists. Please don't $session->start();
INFO - 2025-03-08 10:35:19 --> Session: Class initialized using 'CodeIgniter\Session\Handlers\FileHandler' driver.
WARNING - 2025-03-08 10:35:19 --> Session: Sessions is enabled, and one exists. Please don't $session->start();
INFO - 2025-03-08 10:35:21 --> Session: Class initialized using 'CodeIgniter\Session\Handlers\FileHandler' driver.
WARNING - 2025-03-08 10:35:21 --> Session: Sessions is enabled, and one exists. Please don't $session->start();
INFO - 2025-03-08 10:35:22 --> Session: Class initialized using 'CodeIgniter\Session\Handlers\FileHandler' driver.
WARNING - 2025-03-08 10:35:22 --> Session: Sessions is enabled, and one exists. Please don't $session->start();
INFO - 2025-03-08 10:35:22 --> Session: Class initialized using 'CodeIgniter\Session\Handlers\FileHandler' driver.
WARNING - 2025-03-08 10:35:22 --> Session: Sessions is enabled, and one exists. Please don't $session->start();
INFO - 2025-03-08 10:35:23 --> Session: Class initialized using 'CodeIgniter\Session\Handlers\FileHandler' driver.
WARNING - 2025-03-08 10:35:23 --> Session: Sessions is enabled, and one exists. Please don't $session->start();
INFO - 2025-03-08 10:35:23 --> Session: Class initialized using 'CodeIgniter\Session\Handlers\FileHandler' driver.
WARNING - 2025-03-08 10:35:23 --> Session: Sessions is enabled, and one exists. Please don't $session->start();
INFO - 2025-03-08 10:35:24 --> Session: Class initialized using 'CodeIgniter\Session\Handlers\FileHandler' driver.
WARNING - 2025-03-08 10:35:24 --> Session: Sessions is enabled, and one exists. Please don't $session->start();
INFO - 2025-03-08 10:35:24 --> Session: Class initialized using 'CodeIgniter\Session\Handlers\FileHandler' driver.
WARNING - 2025-03-08 10:35:24 --> Session: Sessions is enabled, and one exists. Please don't $session->start();
INFO - 2025-03-08 10:35:26 --> Session: Class initialized using 'CodeIgniter\Session\Handlers\FileHandler' driver.
WARNING - 2025-03-08 10:35:26 --> Session: Sessions is enabled, and one exists. Please don't $session->start();
INFO - 2025-03-08 10:41:16 --> Session: Class initialized using 'CodeIgniter\Session\Handlers\FileHandler' driver.
WARNING - 2025-03-08 10:41:16 --> Session: Sessions is enabled, and one exists. Please don't $session->start();
INFO - 2025-03-08 10:41:17 --> Session: Class initialized using 'CodeIgniter\Session\Handlers\FileHandler' driver.
WARNING - 2025-03-08 10:41:17 --> Session: Sessions is enabled, and one exists. Please don't $session->start();
INFO - 2025-03-08 10:41:17 --> Session: Class initialized using 'CodeIgniter\Session\Handlers\FileHandler' driver.
WARNING - 2025-03-08 10:41:17 --> Session: Sessions is enabled, and one exists. Please don't $session->start();
INFO - 2025-03-08 10:41:19 --> Session: Class initialized using 'CodeIgniter\Session\Handlers\FileHandler' driver.
WARNING - 2025-03-08 10:41:19 --> Session: Sessions is enabled, and one exists. Please don't $session->start();
INFO - 2025-03-08 10:41:20 --> Session: Class initialized using 'CodeIgniter\Session\Handlers\FileHandler' driver.
WARNING - 2025-03-08 10:41:20 --> Session: Sessions is enabled, and one exists. Please don't $session->start();
INFO - 2025-03-08 10:41:20 --> Session: Class initialized using 'CodeIgniter\Session\Handlers\FileHandler' driver.
WARNING - 2025-03-08 10:41:20 --> Session: Sessions is enabled, and one exists. Please don't $session->start();
INFO - 2025-03-08 10:41:21 --> Session: Class initialized using 'CodeIgniter\Session\Handlers\FileHandler' driver.
WARNING - 2025-03-08 10:41:21 --> Session: Sessions is enabled, and one exists. Please don't $session->start();
INFO - 2025-03-08 10:41:21 --> Session: Class initialized using 'CodeIgniter\Session\Handlers\FileHandler' driver.
WARNING - 2025-03-08 10:41:21 --> Session: Sessions is enabled, and one exists. Please don't $session->start();
INFO - 2025-03-08 10:41:22 --> Session: Class initialized using 'CodeIgniter\Session\Handlers\FileHandler' driver.
WARNING - 2025-03-08 10:41:22 --> Session: Sessions is enabled, and one exists. Please don't $session->start();
INFO - 2025-03-08 10:41:23 --> Session: Class initialized using 'CodeIgniter\Session\Handlers\FileHandler' driver.
WARNING - 2025-03-08 10:41:23 --> Session: Sessions is enabled, and one exists. Please don't $session->start();
INFO - 2025-03-08 10:41:24 --> Session: Class initialized using 'CodeIgniter\Session\Handlers\FileHandler' driver.
WARNING - 2025-03-08 10:41:24 --> Session: Sessions is enabled, and one exists. Please don't $session->start();
INFO - 2025-03-08 10:41:25 --> Session: Class initialized using 'CodeIgniter\Session\Handlers\FileHandler' driver.
WARNING - 2025-03-08 10:41:25 --> Session: Sessions is enabled, and one exists. Please don't $session->start();
INFO - 2025-03-08 10:56:09 --> Session: Class initialized using 'CodeIgniter\Session\Handlers\FileHandler' driver.
WARNING - 2025-03-08 10:56:09 --> Session: Sessions is enabled, and one exists. Please don't $session->start();
INFO - 2025-03-08 10:56:09 --> Session: Class initialized using 'CodeIgniter\Session\Handlers\FileHandler' driver.
WARNING - 2025-03-08 10:56:09 --> Session: Sessions is enabled, and one exists. Please don't $session->start();
INFO - 2025-03-08 10:56:09 --> Session: Class initialized using 'CodeIgniter\Session\Handlers\FileHandler' driver.
WARNING - 2025-03-08 10:56:09 --> Session: Sessions is enabled, and one exists. Please don't $session->start();
INFO - 2025-03-08 10:56:09 --> Session: Class initialized using 'CodeIgniter\Session\Handlers\FileHandler' driver.
WARNING - 2025-03-08 10:56:09 --> Session: Sessions is enabled, and one exists. Please don't $session->start();
INFO - 2025-03-08 10:56:09 --> Session: Class initialized using 'CodeIgniter\Session\Handlers\FileHandler' driver.
WARNING - 2025-03-08 10:56:09 --> Session: Sessions is enabled, and one exists. Please don't $session->start();
INFO - 2025-03-08 10:56:41 --> Session: Class initialized using 'CodeIgniter\Session\Handlers\FileHandler' driver.
WARNING - 2025-03-08 10:56:41 --> Session: Sessions is enabled, and one exists. Please don't $session->start();
INFO - 2025-03-08 10:56:42 --> Session: Class initialized using 'CodeIgniter\Session\Handlers\FileHandler' driver.
WARNING - 2025-03-08 10:56:42 --> Session: Sessions is enabled, and one exists. Please don't $session->start();
INFO - 2025-03-08 10:56:44 --> Session: Class initialized using 'CodeIgniter\Session\Handlers\FileHandler' driver.
WARNING - 2025-03-08 10:56:44 --> Session: Sessions is enabled, and one exists. Please don't $session->start();
INFO - 2025-03-08 10:56:45 --> Session: Class initialized using 'CodeIgniter\Session\Handlers\FileHandler' driver.
WARNING - 2025-03-08 10:56:45 --> Session: Sessions is enabled, and one exists. Please don't $session->start();
INFO - 2025-03-08 10:56:46 --> Session: Class initialized using 'CodeIgniter\Session\Handlers\FileHandler' driver.
WARNING - 2025-03-08 10:56:46 --> Session: Sessions is enabled, and one exists. Please don't $session->start();
INFO - 2025-03-08 10:56:47 --> Session: Class initialized using 'CodeIgniter\Session\Handlers\FileHandler' driver.
WARNING - 2025-03-08 10:56:47 --> Session: Sessions is enabled, and one exists. Please don't $session->start();
INFO - 2025-03-08 10:56:47 --> Session: Class initialized using 'CodeIgniter\Session\Handlers\FileHandler' driver.
WARNING - 2025-03-08 10:56:47 --> Session: Sessions is enabled, and one exists. Please don't $session->start();
INFO - 2025-03-08 10:56:49 --> Session: Class initialized using 'CodeIgniter\Session\Handlers\FileHandler' driver.
WARNING - 2025-03-08 10:56:49 --> Session: Sessions is enabled, and one exists. Please don't $session->start();
INFO - 2025-03-08 10:56:50 --> Session: Class initialized using 'CodeIgniter\Session\Handlers\FileHandler' driver.
WARNING - 2025-03-08 10:56:50 --> Session: Sessions is enabled, and one exists. Please don't $session->start();
INFO - 2025-03-08 10:56:51 --> Session: Class initialized using 'CodeIgniter\Session\Handlers\FileHandler' driver.
WARNING - 2025-03-08 10:56:51 --> Session: Sessions is enabled, and one exists. Please don't $session->start();
INFO - 2025-03-08 10:56:52 --> Session: Class initialized using 'CodeIgniter\Session\Handlers\FileHandler' driver.
WARNING - 2025-03-08 10:56:52 --> Session: Sessions is enabled, and one exists. Please don't $session->start();
INFO - 2025-03-08 10:57:09 --> Session: Class initialized using 'CodeIgniter\Session\Handlers\FileHandler' driver.
WARNING - 2025-03-08 10:57:09 --> Session: Sessions is enabled, and one exists. Please don't $session->start();
INFO - 2025-03-08 10:57:10 --> Session: Class initialized using 'CodeIgniter\Session\Handlers\FileHandler' driver.
WARNING - 2025-03-08 10:57:10 --> Session: Sessions is enabled, and one exists. Please don't $session->start();
INFO - 2025-03-08 10:57:11 --> Session: Class initialized using 'CodeIgniter\Session\Handlers\FileHandler' driver.
WARNING - 2025-03-08 10:57:11 --> Session: Sessions is enabled, and one exists. Please don't $session->start();
INFO - 2025-03-08 10:57:12 --> Session: Class initialized using 'CodeIgniter\Session\Handlers\FileHandler' driver.
WARNING - 2025-03-08 10:57:12 --> Session: Sessions is enabled, and one exists. Please don't $session->start();
INFO - 2025-03-08 10:57:13 --> Session: Class initialized using 'CodeIgniter\Session\Handlers\FileHandler' driver.
WARNING - 2025-03-08 10:57:13 --> Session: Sessions is enabled, and one exists. Please don't $session->start();
INFO - 2025-03-08 10:57:14 --> Session: Class initialized using 'CodeIgniter\Session\Handlers\FileHandler' driver.
WARNING - 2025-03-08 10:57:14 --> Session: Sessions is enabled, and one exists. Please don't $session->start();
INFO - 2025-03-08 10:57:15 --> Session: Class initialized using 'CodeIgniter\Session\Handlers\FileHandler' driver.
WARNING - 2025-03-08 10:57:15 --> Session: Sessions is enabled, and one exists. Please don't $session->start();
INFO - 2025-03-08 10:58:25 --> Session: Class initialized using 'CodeIgniter\Session\Handlers\FileHandler' driver.
WARNING - 2025-03-08 10:58:25 --> Session: Sessions is enabled, and one exists. Please don't $session->start();
INFO - 2025-03-08 10:58:27 --> Session: Class initialized using 'CodeIgniter\Session\Handlers\FileHandler' driver.
WARNING - 2025-03-08 10:58:27 --> Session: Sessions is enabled, and one exists. Please don't $session->start();
INFO - 2025-03-08 10:58:28 --> Session: Class initialized using 'CodeIgniter\Session\Handlers\FileHandler' driver.
WARNING - 2025-03-08 10:58:28 --> Session: Sessions is enabled, and one exists. Please don't $session->start();
INFO - 2025-03-08 10:58:29 --> Session: Class initialized using 'CodeIgniter\Session\Handlers\FileHandler' driver.
WARNING - 2025-03-08 10:58:29 --> Session: Sessions is enabled, and one exists. Please don't $session->start();
INFO - 2025-03-08 10:58:30 --> Session: Class initialized using 'CodeIgniter\Session\Handlers\FileHandler' driver.
WARNING - 2025-03-08 10:58:30 --> Session: Sessions is enabled, and one exists. Please don't $session->start();
INFO - 2025-03-08 10:58:31 --> Session: Class initialized using 'CodeIgniter\Session\Handlers\FileHandler' driver.
WARNING - 2025-03-08 10:58:31 --> Session: Sessions is enabled, and one exists. Please don't $session->start();
INFO - 2025-03-08 10:58:31 --> Session: Class initialized using 'CodeIgniter\Session\Handlers\FileHandler' driver.
WARNING - 2025-03-08 10:58:31 --> Session: Sessions is enabled, and one exists. Please don't $session->start();
INFO - 2025-03-08 10:58:32 --> Session: Class initialized using 'CodeIgniter\Session\Handlers\FileHandler' driver.
WARNING - 2025-03-08 10:58:32 --> Session: Sessions is enabled, and one exists. Please don't $session->start();
INFO - 2025-03-08 10:58:32 --> Session: Class initialized using 'CodeIgniter\Session\Handlers\FileHandler' driver.
WARNING - 2025-03-08 10:58:32 --> Session: Sessions is enabled, and one exists. Please don't $session->start();
INFO - 2025-03-08 10:58:32 --> Session: Class initialized using 'CodeIgniter\Session\Handlers\FileHandler' driver.
WARNING - 2025-03-08 10:58:32 --> Session: Sessions is enabled, and one exists. Please don't $session->start();
INFO - 2025-03-08 10:58:33 --> Session: Class initialized using 'CodeIgniter\Session\Handlers\FileHandler' driver.
WARNING - 2025-03-08 10:58:33 --> Session: Sessions is enabled, and one exists. Please don't $session->start();
INFO - 2025-03-08 10:58:40 --> Session: Class initialized using 'CodeIgniter\Session\Handlers\FileHandler' driver.
WARNING - 2025-03-08 10:58:40 --> Session: Sessions is enabled, and one exists. Please don't $session->start();
INFO - 2025-03-08 10:58:41 --> Session: Class initialized using 'CodeIgniter\Session\Handlers\FileHandler' driver.
WARNING - 2025-03-08 10:58:41 --> Session: Sessions is enabled, and one exists. Please don't $session->start();
INFO - 2025-03-08 10:58:41 --> Session: Class initialized using 'CodeIgniter\Session\Handlers\FileHandler' driver.
WARNING - 2025-03-08 10:58:41 --> Session: Sessions is enabled, and one exists. Please don't $session->start();
INFO - 2025-03-08 10:58:55 --> Session: Class initialized using 'CodeIgniter\Session\Handlers\FileHandler' driver.
WARNING - 2025-03-08 10:58:55 --> Session: Sessions is enabled, and one exists. Please don't $session->start();
INFO - 2025-03-08 10:58:57 --> Session: Class initialized using 'CodeIgniter\Session\Handlers\FileHandler' driver.
WARNING - 2025-03-08 10:58:57 --> Session: Sessions is enabled, and one exists. Please don't $session->start();
INFO - 2025-03-08 10:59:11 --> Session: Class initialized using 'CodeIgniter\Session\Handlers\FileHandler' driver.
WARNING - 2025-03-08 10:59:11 --> Session: Sessions is enabled, and one exists. Please don't $session->start();
INFO - 2025-03-08 10:59:12 --> Session: Class initialized using 'CodeIgniter\Session\Handlers\FileHandler' driver.
WARNING - 2025-03-08 10:59:12 --> Session: Sessions is enabled, and one exists. Please don't $session->start();
INFO - 2025-03-08 10:59:12 --> Session: Class initialized using 'CodeIgniter\Session\Handlers\FileHandler' driver.
WARNING - 2025-03-08 10:59:12 --> Session: Sessions is enabled, and one exists. Please don't $session->start();
INFO - 2025-03-08 10:59:17 --> Session: Class initialized using 'CodeIgniter\Session\Handlers\FileHandler' driver.
WARNING - 2025-03-08 10:59:17 --> Session: Sessions is enabled, and one exists. Please don't $session->start();
INFO - 2025-03-08 10:59:18 --> Session: Class initialized using 'CodeIgniter\Session\Handlers\FileHandler' driver.
WARNING - 2025-03-08 10:59:18 --> Session: Sessions is enabled, and one exists. Please don't $session->start();
INFO - 2025-03-08 11:02:16 --> Session: Class initialized using 'CodeIgniter\Session\Handlers\FileHandler' driver.
WARNING - 2025-03-08 11:02:16 --> Session: Sessions is enabled, and one exists. Please don't $session->start();
INFO - 2025-03-08 11:02:18 --> Session: Class initialized using 'CodeIgniter\Session\Handlers\FileHandler' driver.
WARNING - 2025-03-08 11:02:18 --> Session: Sessions is enabled, and one exists. Please don't $session->start();
INFO - 2025-03-08 11:03:09 --> Session: Class initialized using 'CodeIgniter\Session\Handlers\FileHandler' driver.
WARNING - 2025-03-08 11:03:09 --> Session: Sessions is enabled, and one exists. Please don't $session->start();
INFO - 2025-03-08 11:03:11 --> Session: Class initialized using 'CodeIgniter\Session\Handlers\FileHandler' driver.
WARNING - 2025-03-08 11:03:11 --> Session: Sessions is enabled, and one exists. Please don't $session->start();
INFO - 2025-03-08 11:03:56 --> Session: Class initialized using 'CodeIgniter\Session\Handlers\FileHandler' driver.
WARNING - 2025-03-08 11:03:56 --> Session: Sessions is enabled, and one exists. Please don't $session->start();
INFO - 2025-03-08 11:03:59 --> Session: Class initialized using 'CodeIgniter\Session\Handlers\FileHandler' driver.
WARNING - 2025-03-08 11:03:59 --> Session: Sessions is enabled, and one exists. Please don't $session->start();
INFO - 2025-03-08 11:04:00 --> Session: Class initialized using 'CodeIgniter\Session\Handlers\FileHandler' driver.
WARNING - 2025-03-08 11:04:00 --> Session: Sessions is enabled, and one exists. Please don't $session->start();
INFO - 2025-03-08 11:04:01 --> Session: Class initialized using 'CodeIgniter\Session\Handlers\FileHandler' driver.
WARNING - 2025-03-08 11:04:01 --> Session: Sessions is enabled, and one exists. Please don't $session->start();
INFO - 2025-03-08 11:04:01 --> Session: Class initialized using 'CodeIgniter\Session\Handlers\FileHandler' driver.
WARNING - 2025-03-08 11:04:01 --> Session: Sessions is enabled, and one exists. Please don't $session->start();
INFO - 2025-03-08 11:04:02 --> Session: Class initialized using 'CodeIgniter\Session\Handlers\FileHandler' driver.
WARNING - 2025-03-08 11:04:02 --> Session: Sessions is enabled, and one exists. Please don't $session->start();
INFO - 2025-03-08 11:04:31 --> Session: Class initialized using 'CodeIgniter\Session\Handlers\FileHandler' driver.
WARNING - 2025-03-08 11:04:31 --> Session: Sessions is enabled, and one exists. Please don't $session->start();
INFO - 2025-03-08 11:04:33 --> Session: Class initialized using 'CodeIgniter\Session\Handlers\FileHandler' driver.
WARNING - 2025-03-08 11:04:33 --> Session: Sessions is enabled, and one exists. Please don't $session->start();
INFO - 2025-03-08 11:05:19 --> Session: Class initialized using 'CodeIgniter\Session\Handlers\FileHandler' driver.
WARNING - 2025-03-08 11:05:19 --> Session: Sessions is enabled, and one exists. Please don't $session->start();
INFO - 2025-03-08 11:05:21 --> Session: Class initialized using 'CodeIgniter\Session\Handlers\FileHandler' driver.
WARNING - 2025-03-08 11:05:21 --> Session: Sessions is enabled, and one exists. Please don't $session->start();
INFO - 2025-03-08 11:05:23 --> Session: Class initialized using 'CodeIgniter\Session\Handlers\FileHandler' driver.
WARNING - 2025-03-08 11:05:23 --> Session: Sessions is enabled, and one exists. Please don't $session->start();
INFO - 2025-03-08 11:05:25 --> Session: Class initialized using 'CodeIgniter\Session\Handlers\FileHandler' driver.
WARNING - 2025-03-08 11:05:25 --> Session: Sessions is enabled, and one exists. Please don't $session->start();
INFO - 2025-03-08 11:05:29 --> Session: Class initialized using 'CodeIgniter\Session\Handlers\FileHandler' driver.
WARNING - 2025-03-08 11:05:29 --> Session: Sessions is enabled, and one exists. Please don't $session->start();
INFO - 2025-03-08 11:05:30 --> Session: Class initialized using 'CodeIgniter\Session\Handlers\FileHandler' driver.
WARNING - 2025-03-08 11:05:30 --> Session: Sessions is enabled, and one exists. Please don't $session->start();
INFO - 2025-03-08 11:05:31 --> Session: Class initialized using 'CodeIgniter\Session\Handlers\FileHandler' driver.
WARNING - 2025-03-08 11:05:31 --> Session: Sessions is enabled, and one exists. Please don't $session->start();
INFO - 2025-03-08 11:09:34 --> Session: Class initialized using 'CodeIgniter\Session\Handlers\FileHandler' driver.
WARNING - 2025-03-08 11:09:34 --> Session: Sessions is enabled, and one exists. Please don't $session->start();
INFO - 2025-03-08 11:09:36 --> Session: Class initialized using 'CodeIgniter\Session\Handlers\FileHandler' driver.
WARNING - 2025-03-08 11:09:36 --> Session: Sessions is enabled, and one exists. Please don't $session->start();
INFO - 2025-03-08 11:09:36 --> Session: Class initialized using 'CodeIgniter\Session\Handlers\FileHandler' driver.
WARNING - 2025-03-08 11:09:36 --> Session: Sessions is enabled, and one exists. Please don't $session->start();
INFO - 2025-03-08 11:09:36 --> Session: Class initialized using 'CodeIgniter\Session\Handlers\FileHandler' driver.
WARNING - 2025-03-08 11:09:36 --> Session: Sessions is enabled, and one exists. Please don't $session->start();
INFO - 2025-03-08 11:09:36 --> Session: Class initialized using 'CodeIgniter\Session\Handlers\FileHandler' driver.
WARNING - 2025-03-08 11:09:36 --> Session: Sessions is enabled, and one exists. Please don't $session->start();
INFO - 2025-03-08 11:09:37 --> Session: Class initialized using 'CodeIgniter\Session\Handlers\FileHandler' driver.
WARNING - 2025-03-08 11:09:37 --> Session: Sessions is enabled, and one exists. Please don't $session->start();
INFO - 2025-03-08 11:09:37 --> Session: Class initialized using 'CodeIgniter\Session\Handlers\FileHandler' driver.
WARNING - 2025-03-08 11:09:37 --> Session: Sessions is enabled, and one exists. Please don't $session->start();
INFO - 2025-03-08 11:09:37 --> Session: Class initialized using 'CodeIgniter\Session\Handlers\FileHandler' driver.
WARNING - 2025-03-08 11:09:37 --> Session: Sessions is enabled, and one exists. Please don't $session->start();
INFO - 2025-03-08 11:09:37 --> Session: Class initialized using 'CodeIgniter\Session\Handlers\FileHandler' driver.
WARNING - 2025-03-08 11:09:37 --> Session: Sessions is enabled, and one exists. Please don't $session->start();
INFO - 2025-03-08 11:09:37 --> Session: Class initialized using 'CodeIgniter\Session\Handlers\FileHandler' driver.
WARNING - 2025-03-08 11:09:37 --> Session: Sessions is enabled, and one exists. Please don't $session->start();
INFO - 2025-03-08 11:09:38 --> Session: Class initialized using 'CodeIgniter\Session\Handlers\FileHandler' driver.
WARNING - 2025-03-08 11:09:38 --> Session: Sessions is enabled, and one exists. Please don't $session->start();
INFO - 2025-03-08 11:09:42 --> Session: Class initialized using 'CodeIgniter\Session\Handlers\FileHandler' driver.
WARNING - 2025-03-08 11:09:42 --> Session: Sessions is enabled, and one exists. Please don't $session->start();
INFO - 2025-03-08 11:09:42 --> Session: Class initialized using 'CodeIgniter\Session\Handlers\FileHandler' driver.
WARNING - 2025-03-08 11:09:42 --> Session: Sessions is enabled, and one exists. Please don't $session->start();
INFO - 2025-03-08 11:09:45 --> Session: Class initialized using 'CodeIgniter\Session\Handlers\FileHandler' driver.
WARNING - 2025-03-08 11:09:45 --> Session: Sessions is enabled, and one exists. Please don't $session->start();
INFO - 2025-03-08 11:09:46 --> Session: Class initialized using 'CodeIgniter\Session\Handlers\FileHandler' driver.
WARNING - 2025-03-08 11:09:46 --> Session: Sessions is enabled, and one exists. Please don't $session->start();
INFO - 2025-03-08 11:09:46 --> Session: Class initialized using 'CodeIgniter\Session\Handlers\FileHandler' driver.
WARNING - 2025-03-08 11:09:46 --> Session: Sessions is enabled, and one exists. Please don't $session->start();
INFO - 2025-03-08 11:09:46 --> Session: Class initialized using 'CodeIgniter\Session\Handlers\FileHandler' driver.
WARNING - 2025-03-08 11:09:46 --> Session: Sessions is enabled, and one exists. Please don't $session->start();
INFO - 2025-03-08 11:09:46 --> Session: Class initialized using 'CodeIgniter\Session\Handlers\FileHandler' driver.
WARNING - 2025-03-08 11:09:46 --> Session: Sessions is enabled, and one exists. Please don't $session->start();
INFO - 2025-03-08 11:09:46 --> Session: Class initialized using 'CodeIgniter\Session\Handlers\FileHandler' driver.
WARNING - 2025-03-08 11:09:46 --> Session: Sessions is enabled, and one exists. Please don't $session->start();
INFO - 2025-03-08 11:09:47 --> Session: Class initialized using 'CodeIgniter\Session\Handlers\FileHandler' driver.
WARNING - 2025-03-08 11:09:47 --> Session: Sessions is enabled, and one exists. Please don't $session->start();
INFO - 2025-03-08 11:09:47 --> Session: Class initialized using 'CodeIgniter\Session\Handlers\FileHandler' driver.
WARNING - 2025-03-08 11:09:47 --> Session: Sessions is enabled, and one exists. Please don't $session->start();
INFO - 2025-03-08 11:09:47 --> Session: Class initialized using 'CodeIgniter\Session\Handlers\FileHandler' driver.
WARNING - 2025-03-08 11:09:47 --> Session: Sessions is enabled, and one exists. Please don't $session->start();
INFO - 2025-03-08 11:09:47 --> Session: Class initialized using 'CodeIgniter\Session\Handlers\FileHandler' driver.
WARNING - 2025-03-08 11:09:47 --> Session: Sessions is enabled, and one exists. Please don't $session->start();
INFO - 2025-03-08 11:09:47 --> Session: Class initialized using 'CodeIgniter\Session\Handlers\FileHandler' driver.
WARNING - 2025-03-08 11:09:47 --> Session: Sessions is enabled, and one exists. Please don't $session->start();
INFO - 2025-03-08 11:09:48 --> Session: Class initialized using 'CodeIgniter\Session\Handlers\FileHandler' driver.
WARNING - 2025-03-08 11:09:48 --> Session: Sessions is enabled, and one exists. Please don't $session->start();
INFO - 2025-03-08 11:09:48 --> Session: Class initialized using 'CodeIgniter\Session\Handlers\FileHandler' driver.
WARNING - 2025-03-08 11:09:48 --> Session: Sessions is enabled, and one exists. Please don't $session->start();
INFO - 2025-03-08 11:09:48 --> Session: Class initialized using 'CodeIgniter\Session\Handlers\FileHandler' driver.
WARNING - 2025-03-08 11:09:48 --> Session: Sessions is enabled, and one exists. Please don't $session->start();
INFO - 2025-03-08 11:09:48 --> Session: Class initialized using 'CodeIgniter\Session\Handlers\FileHandler' driver.
WARNING - 2025-03-08 11:09:48 --> Session: Sessions is enabled, and one exists. Please don't $session->start();
INFO - 2025-03-08 11:09:48 --> Session: Class initialized using 'CodeIgniter\Session\Handlers\FileHandler' driver.
WARNING - 2025-03-08 11:09:48 --> Session: Sessions is enabled, and one exists. Please don't $session->start();
INFO - 2025-03-08 11:09:48 --> Session: Class initialized using 'CodeIgniter\Session\Handlers\FileHandler' driver.
WARNING - 2025-03-08 11:09:48 --> Session: Sessions is enabled, and one exists. Please don't $session->start();
INFO - 2025-03-08 11:12:49 --> Session: Class initialized using 'CodeIgniter\Session\Handlers\FileHandler' driver.
WARNING - 2025-03-08 11:12:49 --> Session: Sessions is enabled, and one exists. Please don't $session->start();
INFO - 2025-03-08 11:12:50 --> Session: Class initialized using 'CodeIgniter\Session\Handlers\FileHandler' driver.
WARNING - 2025-03-08 11:12:50 --> Session: Sessions is enabled, and one exists. Please don't $session->start();
INFO - 2025-03-08 11:12:51 --> Session: Class initialized using 'CodeIgniter\Session\Handlers\FileHandler' driver.
WARNING - 2025-03-08 11:12:51 --> Session: Sessions is enabled, and one exists. Please don't $session->start();
INFO - 2025-03-08 11:12:51 --> Session: Class initialized using 'CodeIgniter\Session\Handlers\FileHandler' driver.
WARNING - 2025-03-08 11:12:51 --> Session: Sessions is enabled, and one exists. Please don't $session->start();
INFO - 2025-03-08 11:12:51 --> Session: Class initialized using 'CodeIgniter\Session\Handlers\FileHandler' driver.
WARNING - 2025-03-08 11:12:51 --> Session: Sessions is enabled, and one exists. Please don't $session->start();
INFO - 2025-03-08 11:12:51 --> Session: Class initialized using 'CodeIgniter\Session\Handlers\FileHandler' driver.
WARNING - 2025-03-08 11:12:51 --> Session: Sessions is enabled, and one exists. Please don't $session->start();
INFO - 2025-03-08 11:12:53 --> Session: Class initialized using 'CodeIgniter\Session\Handlers\FileHandler' driver.
WARNING - 2025-03-08 11:12:53 --> Session: Sessions is enabled, and one exists. Please don't $session->start();
INFO - 2025-03-08 11:12:54 --> Session: Class initialized using 'CodeIgniter\Session\Handlers\FileHandler' driver.
WARNING - 2025-03-08 11:12:54 --> Session: Sessions is enabled, and one exists. Please don't $session->start();
INFO - 2025-03-08 11:12:55 --> Session: Class initialized using 'CodeIgniter\Session\Handlers\FileHandler' driver.
WARNING - 2025-03-08 11:12:55 --> Session: Sessions is enabled, and one exists. Please don't $session->start();
INFO - 2025-03-08 11:12:57 --> Session: Class initialized using 'CodeIgniter\Session\Handlers\FileHandler' driver.
WARNING - 2025-03-08 11:12:57 --> Session: Sessions is enabled, and one exists. Please don't $session->start();
INFO - 2025-03-08 11:13:00 --> Session: Class initialized using 'CodeIgniter\Session\Handlers\FileHandler' driver.
WARNING - 2025-03-08 11:13:00 --> Session: Sessions is enabled, and one exists. Please don't $session->start();
INFO - 2025-03-08 11:13:01 --> Session: Class initialized using 'CodeIgniter\Session\Handlers\FileHandler' driver.
WARNING - 2025-03-08 11:13:01 --> Session: Sessions is enabled, and one exists. Please don't $session->start();
INFO - 2025-03-08 11:13:23 --> Session: Class initialized using 'CodeIgniter\Session\Handlers\FileHandler' driver.
WARNING - 2025-03-08 11:13:23 --> Session: Sessions is enabled, and one exists. Please don't $session->start();
INFO - 2025-03-08 11:14:51 --> Session: Class initialized using 'CodeIgniter\Session\Handlers\FileHandler' driver.
WARNING - 2025-03-08 11:14:51 --> Session: Sessions is enabled, and one exists. Please don't $session->start();
INFO - 2025-03-08 11:14:51 --> Session: Class initialized using 'CodeIgniter\Session\Handlers\FileHandler' driver.
WARNING - 2025-03-08 11:14:51 --> Session: Sessions is enabled, and one exists. Please don't $session->start();
INFO - 2025-03-08 11:14:52 --> Session: Class initialized using 'CodeIgniter\Session\Handlers\FileHandler' driver.
WARNING - 2025-03-08 11:14:52 --> Session: Sessions is enabled, and one exists. Please don't $session->start();
INFO - 2025-03-08 11:14:53 --> Session: Class initialized using 'CodeIgniter\Session\Handlers\FileHandler' driver.
WARNING - 2025-03-08 11:14:53 --> Session: Sessions is enabled, and one exists. Please don't $session->start();
INFO - 2025-03-08 11:14:57 --> Session: Class initialized using 'CodeIgniter\Session\Handlers\FileHandler' driver.
WARNING - 2025-03-08 11:14:57 --> Session: Sessions is enabled, and one exists. Please don't $session->start();
INFO - 2025-03-08 11:14:58 --> Session: Class initialized using 'CodeIgniter\Session\Handlers\FileHandler' driver.
WARNING - 2025-03-08 11:14:58 --> Session: Sessions is enabled, and one exists. Please don't $session->start();
INFO - 2025-03-08 11:14:58 --> Session: Class initialized using 'CodeIgniter\Session\Handlers\FileHandler' driver.
WARNING - 2025-03-08 11:14:58 --> Session: Sessions is enabled, and one exists. Please don't $session->start();
INFO - 2025-03-08 11:14:59 --> Session: Class initialized using 'CodeIgniter\Session\Handlers\FileHandler' driver.
WARNING - 2025-03-08 11:14:59 --> Session: Sessions is enabled, and one exists. Please don't $session->start();
INFO - 2025-03-08 11:14:59 --> Session: Class initialized using 'CodeIgniter\Session\Handlers\FileHandler' driver.
WARNING - 2025-03-08 11:14:59 --> Session: Sessions is enabled, and one exists. Please don't $session->start();
INFO - 2025-03-08 11:14:59 --> Session: Class initialized using 'CodeIgniter\Session\Handlers\FileHandler' driver.
WARNING - 2025-03-08 11:14:59 --> Session: Sessions is enabled, and one exists. Please don't $session->start();
INFO - 2025-03-08 11:15:00 --> Session: Class initialized using 'CodeIgniter\Session\Handlers\FileHandler' driver.
WARNING - 2025-03-08 11:15:00 --> Session: Sessions is enabled, and one exists. Please don't $session->start();
INFO - 2025-03-08 11:15:00 --> Session: Class initialized using 'CodeIgniter\Session\Handlers\FileHandler' driver.
WARNING - 2025-03-08 11:15:00 --> Session: Sessions is enabled, and one exists. Please don't $session->start();
INFO - 2025-03-08 11:15:02 --> Session: Class initialized using 'CodeIgniter\Session\Handlers\FileHandler' driver.
WARNING - 2025-03-08 11:15:02 --> Session: Sessions is enabled, and one exists. Please don't $session->start();
INFO - 2025-03-08 11:15:03 --> Session: Class initialized using 'CodeIgniter\Session\Handlers\FileHandler' driver.
WARNING - 2025-03-08 11:15:03 --> Session: Sessions is enabled, and one exists. Please don't $session->start();
INFO - 2025-03-08 11:15:03 --> Session: Class initialized using 'CodeIgniter\Session\Handlers\FileHandler' driver.
WARNING - 2025-03-08 11:15:03 --> Session: Sessions is enabled, and one exists. Please don't $session->start();
INFO - 2025-03-08 11:15:04 --> Session: Class initialized using 'CodeIgniter\Session\Handlers\FileHandler' driver.
WARNING - 2025-03-08 11:15:04 --> Session: Sessions is enabled, and one exists. Please don't $session->start();
INFO - 2025-03-08 11:15:05 --> Session: Class initialized using 'CodeIgniter\Session\Handlers\FileHandler' driver.
WARNING - 2025-03-08 11:15:05 --> Session: Sessions is enabled, and one exists. Please don't $session->start();
INFO - 2025-03-08 11:15:07 --> Session: Class initialized using 'CodeIgniter\Session\Handlers\FileHandler' driver.
WARNING - 2025-03-08 11:15:07 --> Session: Sessions is enabled, and one exists. Please don't $session->start();
INFO - 2025-03-08 11:15:07 --> Session: Class initialized using 'CodeIgniter\Session\Handlers\FileHandler' driver.
WARNING - 2025-03-08 11:15:07 --> Session: Sessions is enabled, and one exists. Please don't $session->start();
INFO - 2025-03-08 11:15:09 --> Session: Class initialized using 'CodeIgniter\Session\Handlers\FileHandler' driver.
WARNING - 2025-03-08 11:15:09 --> Session: Sessions is enabled, and one exists. Please don't $session->start();
INFO - 2025-03-08 11:15:10 --> Session: Class initialized using 'CodeIgniter\Session\Handlers\FileHandler' driver.
WARNING - 2025-03-08 11:15:10 --> Session: Sessions is enabled, and one exists. Please don't $session->start();
INFO - 2025-03-08 11:15:11 --> Session: Class initialized using 'CodeIgniter\Session\Handlers\FileHandler' driver.
WARNING - 2025-03-08 11:15:11 --> Session: Sessions is enabled, and one exists. Please don't $session->start();
INFO - 2025-03-08 11:15:14 --> Session: Class initialized using 'CodeIgniter\Session\Handlers\FileHandler' driver.
WARNING - 2025-03-08 11:15:14 --> Session: Sessions is enabled, and one exists. Please don't $session->start();
INFO - 2025-03-08 11:15:15 --> Session: Class initialized using 'CodeIgniter\Session\Handlers\FileHandler' driver.
WARNING - 2025-03-08 11:15:15 --> Session: Sessions is enabled, and one exists. Please don't $session->start();
INFO - 2025-03-08 11:18:42 --> Session: Class initialized using 'CodeIgniter\Session\Handlers\FileHandler' driver.
WARNING - 2025-03-08 11:18:42 --> Session: Sessions is enabled, and one exists. Please don't $session->start();
INFO - 2025-03-08 11:18:43 --> Session: Class initialized using 'CodeIgniter\Session\Handlers\FileHandler' driver.
WARNING - 2025-03-08 11:18:43 --> Session: Sessions is enabled, and one exists. Please don't $session->start();
INFO - 2025-03-08 11:18:43 --> Session: Class initialized using 'CodeIgniter\Session\Handlers\FileHandler' driver.
WARNING - 2025-03-08 11:18:43 --> Session: Sessions is enabled, and one exists. Please don't $session->start();
INFO - 2025-03-08 11:18:44 --> Session: Class initialized using 'CodeIgniter\Session\Handlers\FileHandler' driver.
WARNING - 2025-03-08 11:18:44 --> Session: Sessions is enabled, and one exists. Please don't $session->start();
INFO - 2025-03-08 11:18:44 --> Session: Class initialized using 'CodeIgniter\Session\Handlers\FileHandler' driver.
WARNING - 2025-03-08 11:18:44 --> Session: Sessions is enabled, and one exists. Please don't $session->start();
INFO - 2025-03-08 11:18:45 --> Session: Class initialized using 'CodeIgniter\Session\Handlers\FileHandler' driver.
WARNING - 2025-03-08 11:18:45 --> Session: Sessions is enabled, and one exists. Please don't $session->start();
INFO - 2025-03-08 11:18:46 --> Session: Class initialized using 'CodeIgniter\Session\Handlers\FileHandler' driver.
WARNING - 2025-03-08 11:18:46 --> Session: Sessions is enabled, and one exists. Please don't $session->start();
INFO - 2025-03-08 11:18:46 --> Session: Class initialized using 'CodeIgniter\Session\Handlers\FileHandler' driver.
WARNING - 2025-03-08 11:18:46 --> Session: Sessions is enabled, and one exists. Please don't $session->start();
INFO - 2025-03-08 11:18:51 --> Session: Class initialized using 'CodeIgniter\Session\Handlers\FileHandler' driver.
WARNING - 2025-03-08 11:18:51 --> Session: Sessions is enabled, and one exists. Please don't $session->start();
INFO - 2025-03-08 11:18:52 --> Session: Class initialized using 'CodeIgniter\Session\Handlers\FileHandler' driver.
WARNING - 2025-03-08 11:18:52 --> Session: Sessions is enabled, and one exists. Please don't $session->start();
INFO - 2025-03-08 11:18:53 --> Session: Class initialized using 'CodeIgniter\Session\Handlers\FileHandler' driver.
WARNING - 2025-03-08 11:18:53 --> Session: Sessions is enabled, and one exists. Please don't $session->start();
INFO - 2025-03-08 11:18:53 --> Session: Class initialized using 'CodeIgniter\Session\Handlers\FileHandler' driver.
WARNING - 2025-03-08 11:18:53 --> Session: Sessions is enabled, and one exists. Please don't $session->start();
INFO - 2025-03-08 11:18:54 --> Session: Class initialized using 'CodeIgniter\Session\Handlers\FileHandler' driver.
WARNING - 2025-03-08 11:18:54 --> Session: Sessions is enabled, and one exists. Please don't $session->start();
INFO - 2025-03-08 11:18:55 --> Session: Class initialized using 'CodeIgniter\Session\Handlers\FileHandler' driver.
WARNING - 2025-03-08 11:18:55 --> Session: Sessions is enabled, and one exists. Please don't $session->start();
INFO - 2025-03-08 11:19:05 --> Session: Class initialized using 'CodeIgniter\Session\Handlers\FileHandler' driver.
WARNING - 2025-03-08 11:19:05 --> Session: Sessions is enabled, and one exists. Please don't $session->start();
INFO - 2025-03-08 11:19:06 --> Session: Class initialized using 'CodeIgniter\Session\Handlers\FileHandler' driver.
WARNING - 2025-03-08 11:19:06 --> Session: Sessions is enabled, and one exists. Please don't $session->start();
INFO - 2025-03-08 11:19:07 --> Session: Class initialized using 'CodeIgniter\Session\Handlers\FileHandler' driver.
WARNING - 2025-03-08 11:19:07 --> Session: Sessions is enabled, and one exists. Please don't $session->start();
INFO - 2025-03-08 11:19:08 --> Session: Class initialized using 'CodeIgniter\Session\Handlers\FileHandler' driver.
WARNING - 2025-03-08 11:19:08 --> Session: Sessions is enabled, and one exists. Please don't $session->start();
INFO - 2025-03-08 11:19:15 --> Session: Class initialized using 'CodeIgniter\Session\Handlers\FileHandler' driver.
WARNING - 2025-03-08 11:19:15 --> Session: Sessions is enabled, and one exists. Please don't $session->start();
INFO - 2025-03-08 11:19:16 --> Session: Class initialized using 'CodeIgniter\Session\Handlers\FileHandler' driver.
WARNING - 2025-03-08 11:19:16 --> Session: Sessions is enabled, and one exists. Please don't $session->start();
INFO - 2025-03-08 11:19:23 --> Session: Class initialized using 'CodeIgniter\Session\Handlers\FileHandler' driver.
WARNING - 2025-03-08 11:19:23 --> Session: Sessions is enabled, and one exists. Please don't $session->start();
INFO - 2025-03-08 11:19:25 --> Session: Class initialized using 'CodeIgniter\Session\Handlers\FileHandler' driver.
WARNING - 2025-03-08 11:19:25 --> Session: Sessions is enabled, and one exists. Please don't $session->start();
INFO - 2025-03-08 11:19:26 --> Session: Class initialized using 'CodeIgniter\Session\Handlers\FileHandler' driver.
WARNING - 2025-03-08 11:19:26 --> Session: Sessions is enabled, and one exists. Please don't $session->start();
INFO - 2025-03-08 11:19:27 --> Session: Class initialized using 'CodeIgniter\Session\Handlers\FileHandler' driver.
WARNING - 2025-03-08 11:19:27 --> Session: Sessions is enabled, and one exists. Please don't $session->start();
INFO - 2025-03-08 11:19:27 --> Session: Class initialized using 'CodeIgniter\Session\Handlers\FileHandler' driver.
WARNING - 2025-03-08 11:19:27 --> Session: Sessions is enabled, and one exists. Please don't $session->start();
INFO - 2025-03-08 11:19:28 --> Session: Class initialized using 'CodeIgniter\Session\Handlers\FileHandler' driver.
WARNING - 2025-03-08 11:19:28 --> Session: Sessions is enabled, and one exists. Please don't $session->start();
INFO - 2025-03-08 11:19:28 --> Session: Class initialized using 'CodeIgniter\Session\Handlers\FileHandler' driver.
WARNING - 2025-03-08 11:19:28 --> Session: Sessions is enabled, and one exists. Please don't $session->start();
INFO - 2025-03-08 11:19:28 --> Session: Class initialized using 'CodeIgniter\Session\Handlers\FileHandler' driver.
WARNING - 2025-03-08 11:19:28 --> Session: Sessions is enabled, and one exists. Please don't $session->start();
INFO - 2025-03-08 11:19:29 --> Session: Class initialized using 'CodeIgniter\Session\Handlers\FileHandler' driver.
WARNING - 2025-03-08 11:19:29 --> Session: Sessions is enabled, and one exists. Please don't $session->start();
INFO - 2025-03-08 11:19:47 --> Session: Class initialized using 'CodeIgniter\Session\Handlers\FileHandler' driver.
WARNING - 2025-03-08 11:19:47 --> Session: Sessions is enabled, and one exists. Please don't $session->start();
INFO - 2025-03-08 11:19:47 --> Session: Class initialized using 'CodeIgniter\Session\Handlers\FileHandler' driver.
WARNING - 2025-03-08 11:19:47 --> Session: Sessions is enabled, and one exists. Please don't $session->start();
INFO - 2025-03-08 11:19:48 --> Session: Class initialized using 'CodeIgniter\Session\Handlers\FileHandler' driver.
WARNING - 2025-03-08 11:19:48 --> Session: Sessions is enabled, and one exists. Please don't $session->start();
INFO - 2025-03-08 11:21:05 --> Session: Class initialized using 'CodeIgniter\Session\Handlers\FileHandler' driver.
WARNING - 2025-03-08 11:21:05 --> Session: Sessions is enabled, and one exists. Please don't $session->start();
INFO - 2025-03-08 11:21:05 --> Session: Class initialized using 'CodeIgniter\Session\Handlers\FileHandler' driver.
WARNING - 2025-03-08 11:21:05 --> Session: Sessions is enabled, and one exists. Please don't $session->start();
INFO - 2025-03-08 11:21:05 --> Session: Class initialized using 'CodeIgniter\Session\Handlers\FileHandler' driver.
WARNING - 2025-03-08 11:21:05 --> Session: Sessions is enabled, and one exists. Please don't $session->start();
INFO - 2025-03-08 11:21:06 --> Session: Class initialized using 'CodeIgniter\Session\Handlers\FileHandler' driver.
WARNING - 2025-03-08 11:21:06 --> Session: Sessions is enabled, and one exists. Please don't $session->start();
INFO - 2025-03-08 11:21:08 --> Session: Class initialized using 'CodeIgniter\Session\Handlers\FileHandler' driver.
WARNING - 2025-03-08 11:21:08 --> Session: Sessions is enabled, and one exists. Please don't $session->start();
INFO - 2025-03-08 11:21:09 --> Session: Class initialized using 'CodeIgniter\Session\Handlers\FileHandler' driver.
WARNING - 2025-03-08 11:21:09 --> Session: Sessions is enabled, and one exists. Please don't $session->start();
INFO - 2025-03-08 11:21:10 --> Session: Class initialized using 'CodeIgniter\Session\Handlers\FileHandler' driver.
WARNING - 2025-03-08 11:21:10 --> Session: Sessions is enabled, and one exists. Please don't $session->start();
INFO - 2025-03-08 11:21:10 --> Session: Class initialized using 'CodeIgniter\Session\Handlers\FileHandler' driver.
WARNING - 2025-03-08 11:21:10 --> Session: Sessions is enabled, and one exists. Please don't $session->start();
INFO - 2025-03-08 11:21:11 --> Session: Class initialized using 'CodeIgniter\Session\Handlers\FileHandler' driver.
WARNING - 2025-03-08 11:21:11 --> Session: Sessions is enabled, and one exists. Please don't $session->start();
INFO - 2025-03-08 11:21:12 --> Session: Class initialized using 'CodeIgniter\Session\Handlers\FileHandler' driver.
WARNING - 2025-03-08 11:21:12 --> Session: Sessions is enabled, and one exists. Please don't $session->start();
INFO - 2025-03-08 11:21:13 --> Session: Class initialized using 'CodeIgniter\Session\Handlers\FileHandler' driver.
WARNING - 2025-03-08 11:21:13 --> Session: Sessions is enabled, and one exists. Please don't $session->start();
INFO - 2025-03-08 11:21:13 --> Session: Class initialized using 'CodeIgniter\Session\Handlers\FileHandler' driver.
WARNING - 2025-03-08 11:21:13 --> Session: Sessions is enabled, and one exists. Please don't $session->start();
INFO - 2025-03-08 11:21:18 --> Session: Class initialized using 'CodeIgniter\Session\Handlers\FileHandler' driver.
WARNING - 2025-03-08 11:21:18 --> Session: Sessions is enabled, and one exists. Please don't $session->start();
INFO - 2025-03-08 11:21:19 --> Session: Class initialized using 'CodeIgniter\Session\Handlers\FileHandler' driver.
WARNING - 2025-03-08 11:21:19 --> Session: Sessions is enabled, and one exists. Please don't $session->start();
INFO - 2025-03-08 11:21:19 --> Session: Class initialized using 'CodeIgniter\Session\Handlers\FileHandler' driver.
WARNING - 2025-03-08 11:21:19 --> Session: Sessions is enabled, and one exists. Please don't $session->start();
INFO - 2025-03-08 11:21:20 --> Session: Class initialized using 'CodeIgniter\Session\Handlers\FileHandler' driver.
WARNING - 2025-03-08 11:21:20 --> Session: Sessions is enabled, and one exists. Please don't $session->start();
INFO - 2025-03-08 11:21:20 --> Session: Class initialized using 'CodeIgniter\Session\Handlers\FileHandler' driver.
WARNING - 2025-03-08 11:21:20 --> Session: Sessions is enabled, and one exists. Please don't $session->start();
INFO - 2025-03-08 11:21:36 --> Session: Class initialized using 'CodeIgniter\Session\Handlers\FileHandler' driver.
WARNING - 2025-03-08 11:21:36 --> Session: Sessions is enabled, and one exists. Please don't $session->start();
INFO - 2025-03-08 11:21:56 --> Session: Class initialized using 'CodeIgniter\Session\Handlers\FileHandler' driver.
WARNING - 2025-03-08 11:21:56 --> Session: Sessions is enabled, and one exists. Please don't $session->start();
INFO - 2025-03-08 11:21:57 --> Session: Class initialized using 'CodeIgniter\Session\Handlers\FileHandler' driver.
WARNING - 2025-03-08 11:21:57 --> Session: Sessions is enabled, and one exists. Please don't $session->start();
INFO - 2025-03-08 11:21:58 --> Session: Class initialized using 'CodeIgniter\Session\Handlers\FileHandler' driver.
WARNING - 2025-03-08 11:21:58 --> Session: Sessions is enabled, and one exists. Please don't $session->start();
INFO - 2025-03-08 11:21:59 --> Session: Class initialized using 'CodeIgniter\Session\Handlers\FileHandler' driver.
WARNING - 2025-03-08 11:21:59 --> Session: Sessions is enabled, and one exists. Please don't $session->start();
INFO - 2025-03-08 11:21:59 --> Session: Class initialized using 'CodeIgniter\Session\Handlers\FileHandler' driver.
WARNING - 2025-03-08 11:21:59 --> Session: Sessions is enabled, and one exists. Please don't $session->start();
INFO - 2025-03-08 11:22:00 --> Session: Class initialized using 'CodeIgniter\Session\Handlers\FileHandler' driver.
WARNING - 2025-03-08 11:22:00 --> Session: Sessions is enabled, and one exists. Please don't $session->start();
INFO - 2025-03-08 11:22:16 --> Session: Class initialized using 'CodeIgniter\Session\Handlers\FileHandler' driver.
WARNING - 2025-03-08 11:22:16 --> Session: Sessions is enabled, and one exists. Please don't $session->start();
INFO - 2025-03-08 11:22:18 --> Session: Class initialized using 'CodeIgniter\Session\Handlers\FileHandler' driver.
WARNING - 2025-03-08 11:22:18 --> Session: Sessions is enabled, and one exists. Please don't $session->start();
INFO - 2025-03-08 11:22:19 --> Session: Class initialized using 'CodeIgniter\Session\Handlers\FileHandler' driver.
WARNING - 2025-03-08 11:22:19 --> Session: Sessions is enabled, and one exists. Please don't $session->start();
INFO - 2025-03-08 11:22:20 --> Session: Class initialized using 'CodeIgniter\Session\Handlers\FileHandler' driver.
WARNING - 2025-03-08 11:22:20 --> Session: Sessions is enabled, and one exists. Please don't $session->start();
INFO - 2025-03-08 11:22:21 --> Session: Class initialized using 'CodeIgniter\Session\Handlers\FileHandler' driver.
WARNING - 2025-03-08 11:22:21 --> Session: Sessions is enabled, and one exists. Please don't $session->start();
INFO - 2025-03-08 11:22:22 --> Session: Class initialized using 'CodeIgniter\Session\Handlers\FileHandler' driver.
WARNING - 2025-03-08 11:22:22 --> Session: Sessions is enabled, and one exists. Please don't $session->start();
INFO - 2025-03-08 11:22:23 --> Session: Class initialized using 'CodeIgniter\Session\Handlers\FileHandler' driver.
WARNING - 2025-03-08 11:22:23 --> Session: Sessions is enabled, and one exists. Please don't $session->start();
