CRITICAL - 2025-03-04 11:22:16 --> Invalid file: "home.php"
in SYSTEMPATH\Exceptions\FrameworkException.php on line 39.
 1 SYSTEMPATH\View\View.php(216): CodeIgniter\Exceptions\FrameworkException::forInvalidFile('home.php')
 2 SYSTEMPATH\Common.php(1190): CodeIgniter\View\View->render('home', [], true)
 3 APPPATH\Controllers\Home.php(7): view('home')
 4 SYSTEMPATH\CodeIgniter.php(942): App\Controllers\Home->index()
 5 SYSTEMPATH\CodeIgniter.php(502): CodeIgniter\CodeIgniter->runController(Object(App\Controllers\Home))
 6 SYSTEMPATH\CodeIgniter.php(361): CodeIgniter\CodeIgniter->handleRequest(null, Object(Config\Cache), false)
 7 FCPATH\index.php(79): CodeIgniter\CodeIgniter->run()
CRITICAL - 2025-03-04 11:22:19 --> Invalid file: "home.php"
in SYSTEMPATH\Exceptions\FrameworkException.php on line 39.
 1 SYSTEMPATH\View\View.php(216): CodeIgniter\Exceptions\FrameworkException::forInvalidFile('home.php')
 2 SYSTEMPATH\Common.php(1190): CodeIgniter\View\View->render('home', [], true)
 3 APPPATH\Controllers\Home.php(7): view('home')
 4 SYSTEMPATH\CodeIgniter.php(942): App\Controllers\Home->index()
 5 SYSTEMPATH\CodeIgniter.php(502): CodeIgniter\CodeIgniter->runController(Object(App\Controllers\Home))
 6 SYSTEMPATH\CodeIgniter.php(361): CodeIgniter\CodeIgniter->handleRequest(null, Object(Config\Cache), false)
 7 FCPATH\index.php(79): CodeIgniter\CodeIgniter->run()
CRITICAL - 2025-03-04 11:22:25 --> Invalid file: "home.php"
in SYSTEMPATH\Exceptions\FrameworkException.php on line 39.
 1 SYSTEMPATH\View\View.php(216): CodeIgniter\Exceptions\FrameworkException::forInvalidFile('home.php')
 2 SYSTEMPATH\Common.php(1190): CodeIgniter\View\View->render('home', [], true)
 3 APPPATH\Controllers\Home.php(7): view('home')
 4 SYSTEMPATH\CodeIgniter.php(942): App\Controllers\Home->index()
 5 SYSTEMPATH\CodeIgniter.php(502): CodeIgniter\CodeIgniter->runController(Object(App\Controllers\Home))
 6 SYSTEMPATH\CodeIgniter.php(361): CodeIgniter\CodeIgniter->handleRequest(null, Object(Config\Cache), false)
 7 FCPATH\index.php(79): CodeIgniter\CodeIgniter->run()
CRITICAL - 2025-03-04 11:23:00 --> Invalid file: "home.php"
in SYSTEMPATH\Exceptions\FrameworkException.php on line 39.
 1 SYSTEMPATH\View\View.php(216): CodeIgniter\Exceptions\FrameworkException::forInvalidFile('home.php')
 2 SYSTEMPATH\Common.php(1190): CodeIgniter\View\View->render('home', [], true)
 3 APPPATH\Controllers\Home.php(7): view('home')
 4 SYSTEMPATH\CodeIgniter.php(942): App\Controllers\Home->index()
 5 SYSTEMPATH\CodeIgniter.php(502): CodeIgniter\CodeIgniter->runController(Object(App\Controllers\Home))
 6 SYSTEMPATH\CodeIgniter.php(361): CodeIgniter\CodeIgniter->handleRequest(null, Object(Config\Cache), false)
 7 FCPATH\index.php(79): CodeIgniter\CodeIgniter->run()
CRITICAL - 2025-03-04 20:13:57 --> The action you requested is not allowed.
in SYSTEMPATH\Security\Security.php on line 300.
 1 SYSTEMPATH\Security\Security.php(300): CodeIgniter\Security\Exceptions\SecurityException::forDisallowedAction()
 2 SYSTEMPATH\Filters\CSRF.php(56): CodeIgniter\Security\Security->verify(Object(CodeIgniter\HTTP\IncomingRequest))
 3 SYSTEMPATH\Filters\Filters.php(184): CodeIgniter\Filters\CSRF->before(Object(CodeIgniter\HTTP\IncomingRequest), null)
 4 SYSTEMPATH\CodeIgniter.php(474): CodeIgniter\Filters\Filters->run('register', 'before')
 5 SYSTEMPATH\CodeIgniter.php(361): CodeIgniter\CodeIgniter->handleRequest(null, Object(Config\Cache), false)
 6 FCPATH\index.php(79): CodeIgniter\CodeIgniter->run()
INFO - 2025-03-04 20:15:10 --> CSRF token verified.
CRITICAL - 2025-03-04 20:15:11 --> Invalid file: "register.php"
in SYSTEMPATH\Exceptions\FrameworkException.php on line 39.
 1 SYSTEMPATH\View\View.php(216): CodeIgniter\Exceptions\FrameworkException::forInvalidFile('register.php')
 2 SYSTEMPATH\Common.php(1190): CodeIgniter\View\View->render('register', [], true)
 3 APPPATH\Controllers\RegisterController.php(20): view('register', [...])
 4 SYSTEMPATH\CodeIgniter.php(942): App\Controllers\RegisterController->register()
 5 SYSTEMPATH\CodeIgniter.php(502): CodeIgniter\CodeIgniter->runController(Object(App\Controllers\RegisterController))
 6 SYSTEMPATH\CodeIgniter.php(361): CodeIgniter\CodeIgniter->handleRequest(null, Object(Config\Cache), false)
 7 FCPATH\index.php(79): CodeIgniter\CodeIgniter->run()
INFO - 2025-03-04 20:16:57 --> CSRF token verified.
CRITICAL - 2025-03-04 20:16:57 --> Invalid file: "register.php"
in SYSTEMPATH\Exceptions\FrameworkException.php on line 39.
 1 SYSTEMPATH\View\View.php(216): CodeIgniter\Exceptions\FrameworkException::forInvalidFile('register.php')
 2 SYSTEMPATH\Common.php(1190): CodeIgniter\View\View->render('register', [], true)
 3 APPPATH\Controllers\RegisterController.php(20): view('register', [...])
 4 SYSTEMPATH\CodeIgniter.php(942): App\Controllers\RegisterController->register()
 5 SYSTEMPATH\CodeIgniter.php(502): CodeIgniter\CodeIgniter->runController(Object(App\Controllers\RegisterController))
 6 SYSTEMPATH\CodeIgniter.php(361): CodeIgniter\CodeIgniter->handleRequest(null, Object(Config\Cache), false)
 7 FCPATH\index.php(79): CodeIgniter\CodeIgniter->run()
INFO - 2025-03-04 20:19:13 --> CSRF token verified.
CRITICAL - 2025-03-04 20:19:13 --> Invalid file: "register.php"
in SYSTEMPATH\Exceptions\FrameworkException.php on line 39.
 1 SYSTEMPATH\View\View.php(216): CodeIgniter\Exceptions\FrameworkException::forInvalidFile('register.php')
 2 SYSTEMPATH\Common.php(1190): CodeIgniter\View\View->render('register', [], true)
 3 APPPATH\Controllers\RegisterController.php(20): view('register', [...])
 4 SYSTEMPATH\CodeIgniter.php(942): App\Controllers\RegisterController->register()
 5 SYSTEMPATH\CodeIgniter.php(502): CodeIgniter\CodeIgniter->runController(Object(App\Controllers\RegisterController))
 6 SYSTEMPATH\CodeIgniter.php(361): CodeIgniter\CodeIgniter->handleRequest(null, Object(Config\Cache), false)
 7 FCPATH\index.php(79): CodeIgniter\CodeIgniter->run()
INFO - 2025-03-04 20:20:17 --> CSRF token verified.
CRITICAL - 2025-03-04 20:20:17 --> Call to undefined method App\Models\UserModel::registerUser
in SYSTEMPATH\Model.php on line 873.
 1 APPPATH\Controllers\RegisterController.php(33): CodeIgniter\Model->__call('registerUser', [...])
 2 SYSTEMPATH\CodeIgniter.php(942): App\Controllers\RegisterController->register()
 3 SYSTEMPATH\CodeIgniter.php(502): CodeIgniter\CodeIgniter->runController(Object(App\Controllers\RegisterController))
 4 SYSTEMPATH\CodeIgniter.php(361): CodeIgniter\CodeIgniter->handleRequest(null, Object(Config\Cache), false)
 5 FCPATH\index.php(79): CodeIgniter\CodeIgniter->run()
INFO - 2025-03-04 20:24:34 --> CSRF token verified.
CRITICAL - 2025-03-04 20:24:34 --> Call to undefined method App\Models\UserModel::registerUser
in SYSTEMPATH\Model.php on line 873.
 1 APPPATH\Controllers\RegisterController.php(33): CodeIgniter\Model->__call('registerUser', [...])
 2 SYSTEMPATH\CodeIgniter.php(942): App\Controllers\RegisterController->register()
 3 SYSTEMPATH\CodeIgniter.php(502): CodeIgniter\CodeIgniter->runController(Object(App\Controllers\RegisterController))
 4 SYSTEMPATH\CodeIgniter.php(361): CodeIgniter\CodeIgniter->handleRequest(null, Object(Config\Cache), false)
 5 FCPATH\index.php(79): CodeIgniter\CodeIgniter->run()
CRITICAL - 2025-03-04 20:28:08 --> Call to undefined function set_value()
in APPPATH\Views\pages\registrati.php on line 20.
 1 SYSTEMPATH\View\View.php(228): include()
 2 SYSTEMPATH\View\View.php(231): CodeIgniter\View\View->CodeIgniter\View\{closure}()
 3 SYSTEMPATH\Common.php(1190): CodeIgniter\View\View->render('pages/registrati', [], true)
 4 APPPATH\Controllers\Pages.php(22): view('pages/registrati', [...])
 5 SYSTEMPATH\CodeIgniter.php(942): App\Controllers\Pages->view('registrati')
 6 SYSTEMPATH\CodeIgniter.php(502): CodeIgniter\CodeIgniter->runController(Object(App\Controllers\Pages))
 7 SYSTEMPATH\CodeIgniter.php(361): CodeIgniter\CodeIgniter->handleRequest(null, Object(Config\Cache), false)
 8 FCPATH\index.php(79): CodeIgniter\CodeIgniter->run()
CRITICAL - 2025-03-04 20:28:13 --> Call to undefined function set_value()
in APPPATH\Views\pages\registrati.php on line 20.
 1 SYSTEMPATH\View\View.php(228): include()
 2 SYSTEMPATH\View\View.php(231): CodeIgniter\View\View->CodeIgniter\View\{closure}()
 3 SYSTEMPATH\Common.php(1190): CodeIgniter\View\View->render('pages/registrati', [], true)
 4 APPPATH\Controllers\Pages.php(22): view('pages/registrati', [...])
 5 SYSTEMPATH\CodeIgniter.php(942): App\Controllers\Pages->view('registrati')
 6 SYSTEMPATH\CodeIgniter.php(502): CodeIgniter\CodeIgniter->runController(Object(App\Controllers\Pages))
 7 SYSTEMPATH\CodeIgniter.php(361): CodeIgniter\CodeIgniter->handleRequest(null, Object(Config\Cache), false)
 8 FCPATH\index.php(79): CodeIgniter\CodeIgniter->run()
CRITICAL - 2025-03-04 20:28:16 --> Call to undefined function set_value()
in APPPATH\Views\pages\registrati.php on line 20.
 1 SYSTEMPATH\View\View.php(228): include()
 2 SYSTEMPATH\View\View.php(231): CodeIgniter\View\View->CodeIgniter\View\{closure}()
 3 SYSTEMPATH\Common.php(1190): CodeIgniter\View\View->render('pages/registrati', [], true)
 4 APPPATH\Controllers\Pages.php(22): view('pages/registrati', [...])
 5 SYSTEMPATH\CodeIgniter.php(942): App\Controllers\Pages->view('registrati')
 6 SYSTEMPATH\CodeIgniter.php(502): CodeIgniter\CodeIgniter->runController(Object(App\Controllers\Pages))
 7 SYSTEMPATH\CodeIgniter.php(361): CodeIgniter\CodeIgniter->handleRequest(null, Object(Config\Cache), false)
 8 FCPATH\index.php(79): CodeIgniter\CodeIgniter->run()
CRITICAL - 2025-03-04 20:28:16 --> Call to undefined function set_value()
in APPPATH\Views\pages\registrati.php on line 20.
 1 SYSTEMPATH\View\View.php(228): include()
 2 SYSTEMPATH\View\View.php(231): CodeIgniter\View\View->CodeIgniter\View\{closure}()
 3 SYSTEMPATH\Common.php(1190): CodeIgniter\View\View->render('pages/registrati', [], true)
 4 APPPATH\Controllers\Pages.php(22): view('pages/registrati', [...])
 5 SYSTEMPATH\CodeIgniter.php(942): App\Controllers\Pages->view('registrati')
 6 SYSTEMPATH\CodeIgniter.php(502): CodeIgniter\CodeIgniter->runController(Object(App\Controllers\Pages))
 7 SYSTEMPATH\CodeIgniter.php(361): CodeIgniter\CodeIgniter->handleRequest(null, Object(Config\Cache), false)
 8 FCPATH\index.php(79): CodeIgniter\CodeIgniter->run()
CRITICAL - 2025-03-04 20:29:45 --> Call to undefined function set_value()
in APPPATH\Views\pages\registrati.php on line 23.
 1 SYSTEMPATH\View\View.php(228): include()
 2 SYSTEMPATH\View\View.php(231): CodeIgniter\View\View->CodeIgniter\View\{closure}()
 3 SYSTEMPATH\Common.php(1190): CodeIgniter\View\View->render('pages/registrati', [], true)
 4 APPPATH\Controllers\Pages.php(22): view('pages/registrati', [...])
 5 SYSTEMPATH\CodeIgniter.php(942): App\Controllers\Pages->view('registrati')
 6 SYSTEMPATH\CodeIgniter.php(502): CodeIgniter\CodeIgniter->runController(Object(App\Controllers\Pages))
 7 SYSTEMPATH\CodeIgniter.php(361): CodeIgniter\CodeIgniter->handleRequest(null, Object(Config\Cache), false)
 8 FCPATH\index.php(79): CodeIgniter\CodeIgniter->run()
INFO - 2025-03-04 20:30:08 --> CSRF token verified.
CRITICAL - 2025-03-04 20:30:08 --> Call to undefined method App\Models\UserModel::registerUser
in SYSTEMPATH\Model.php on line 873.
 1 APPPATH\Controllers\RegisterController.php(33): CodeIgniter\Model->__call('registerUser', [...])
 2 SYSTEMPATH\CodeIgniter.php(942): App\Controllers\RegisterController->register()
 3 SYSTEMPATH\CodeIgniter.php(502): CodeIgniter\CodeIgniter->runController(Object(App\Controllers\RegisterController))
 4 SYSTEMPATH\CodeIgniter.php(361): CodeIgniter\CodeIgniter->handleRequest(null, Object(Config\Cache), false)
 5 FCPATH\index.php(79): CodeIgniter\CodeIgniter->run()
CRITICAL - 2025-03-04 20:35:35 --> Call to undefined function set_value()
in APPPATH\Views\pages\registrati.php on line 22.
 1 SYSTEMPATH\View\View.php(228): include()
 2 SYSTEMPATH\View\View.php(231): CodeIgniter\View\View->CodeIgniter\View\{closure}()
 3 SYSTEMPATH\Common.php(1190): CodeIgniter\View\View->render('pages/registrati', [], true)
 4 APPPATH\Controllers\Pages.php(22): view('pages/registrati', [...])
 5 SYSTEMPATH\CodeIgniter.php(942): App\Controllers\Pages->view('registrati')
 6 SYSTEMPATH\CodeIgniter.php(502): CodeIgniter\CodeIgniter->runController(Object(App\Controllers\Pages))
 7 SYSTEMPATH\CodeIgniter.php(361): CodeIgniter\CodeIgniter->handleRequest(null, Object(Config\Cache), false)
 8 FCPATH\index.php(79): CodeIgniter\CodeIgniter->run()
CRITICAL - 2025-03-04 20:35:38 --> Call to undefined function set_value()
in APPPATH\Views\pages\registrati.php on line 22.
 1 SYSTEMPATH\View\View.php(228): include()
 2 SYSTEMPATH\View\View.php(231): CodeIgniter\View\View->CodeIgniter\View\{closure}()
 3 SYSTEMPATH\Common.php(1190): CodeIgniter\View\View->render('pages/registrati', [], true)
 4 APPPATH\Controllers\Pages.php(22): view('pages/registrati', [...])
 5 SYSTEMPATH\CodeIgniter.php(942): App\Controllers\Pages->view('registrati')
 6 SYSTEMPATH\CodeIgniter.php(502): CodeIgniter\CodeIgniter->runController(Object(App\Controllers\Pages))
 7 SYSTEMPATH\CodeIgniter.php(361): CodeIgniter\CodeIgniter->handleRequest(null, Object(Config\Cache), false)
 8 FCPATH\index.php(79): CodeIgniter\CodeIgniter->run()
INFO - 2025-03-04 20:37:03 --> CSRF token verified.
CRITICAL - 2025-03-04 20:37:04 --> Call to undefined method App\Models\UserModel::registerUser
in SYSTEMPATH\Model.php on line 873.
 1 APPPATH\Controllers\RegisterController.php(33): CodeIgniter\Model->__call('registerUser', [...])
 2 SYSTEMPATH\CodeIgniter.php(942): App\Controllers\RegisterController->register()
 3 SYSTEMPATH\CodeIgniter.php(502): CodeIgniter\CodeIgniter->runController(Object(App\Controllers\RegisterController))
 4 SYSTEMPATH\CodeIgniter.php(361): CodeIgniter\CodeIgniter->handleRequest(null, Object(Config\Cache), false)
 5 FCPATH\index.php(79): CodeIgniter\CodeIgniter->run()
INFO - 2025-03-04 20:42:28 --> CSRF token verified.
INFO - 2025-03-04 20:42:28 --> Session: Class initialized using 'CodeIgniter\Session\Handlers\FileHandler' driver.
INFO - 2025-03-04 20:44:29 --> CSRF token verified.
INFO - 2025-03-04 20:44:29 --> Session: Class initialized using 'CodeIgniter\Session\Handlers\FileHandler' driver.
INFO - 2025-03-04 20:47:19 --> CSRF token verified.
INFO - 2025-03-04 20:47:20 --> Session: Class initialized using 'CodeIgniter\Session\Handlers\FileHandler' driver.
INFO - 2025-03-04 20:50:20 --> Session: Class initialized using 'CodeIgniter\Session\Handlers\FileHandler' driver.
INFO - 2025-03-04 20:50:23 --> Session: Class initialized using 'CodeIgniter\Session\Handlers\FileHandler' driver.
INFO - 2025-03-04 20:50:42 --> CSRF token verified.
INFO - 2025-03-04 20:50:42 --> Session: Class initialized using 'CodeIgniter\Session\Handlers\FileHandler' driver.
INFO - 2025-03-04 20:50:45 --> Session: Class initialized using 'CodeIgniter\Session\Handlers\FileHandler' driver.
INFO - 2025-03-04 20:50:56 --> CSRF token verified.
INFO - 2025-03-04 20:50:56 --> Session: Class initialized using 'CodeIgniter\Session\Handlers\FileHandler' driver.
INFO - 2025-03-04 20:51:35 --> CSRF token verified.
INFO - 2025-03-04 20:51:35 --> Session: Class initialized using 'CodeIgniter\Session\Handlers\FileHandler' driver.
INFO - 2025-03-04 20:51:55 --> CSRF token verified.
CRITICAL - 2025-03-04 20:51:55 --> Invalid file: "register.php"
in SYSTEMPATH\Exceptions\FrameworkException.php on line 39.
 1 SYSTEMPATH\View\View.php(216): CodeIgniter\Exceptions\FrameworkException::forInvalidFile('register.php')
 2 SYSTEMPATH\Common.php(1190): CodeIgniter\View\View->render('register', [], true)
 3 APPPATH\Controllers\RegisterController.php(20): view('register', [...])
 4 SYSTEMPATH\CodeIgniter.php(942): App\Controllers\RegisterController->register()
 5 SYSTEMPATH\CodeIgniter.php(502): CodeIgniter\CodeIgniter->runController(Object(App\Controllers\RegisterController))
 6 SYSTEMPATH\CodeIgniter.php(361): CodeIgniter\CodeIgniter->handleRequest(null, Object(Config\Cache), false)
 7 FCPATH\index.php(79): CodeIgniter\CodeIgniter->run()
INFO - 2025-03-04 20:52:49 --> CSRF token verified.
CRITICAL - 2025-03-04 20:52:49 --> Invalid file: "register.php"
in SYSTEMPATH\Exceptions\FrameworkException.php on line 39.
 1 SYSTEMPATH\View\View.php(216): CodeIgniter\Exceptions\FrameworkException::forInvalidFile('register.php')
 2 SYSTEMPATH\Common.php(1190): CodeIgniter\View\View->render('register', [], true)
 3 APPPATH\Controllers\RegisterController.php(20): view('register', [...])
 4 SYSTEMPATH\CodeIgniter.php(942): App\Controllers\RegisterController->register()
 5 SYSTEMPATH\CodeIgniter.php(502): CodeIgniter\CodeIgniter->runController(Object(App\Controllers\RegisterController))
 6 SYSTEMPATH\CodeIgniter.php(361): CodeIgniter\CodeIgniter->handleRequest(null, Object(Config\Cache), false)
 7 FCPATH\index.php(79): CodeIgniter\CodeIgniter->run()
INFO - 2025-03-04 20:53:18 --> CSRF token verified.
INFO - 2025-03-04 20:53:18 --> Session: Class initialized using 'CodeIgniter\Session\Handlers\FileHandler' driver.
CRITICAL - 2025-03-04 20:59:42 --> The action you requested is not allowed.
in SYSTEMPATH\Security\Security.php on line 300.
 1 SYSTEMPATH\Security\Security.php(300): CodeIgniter\Security\Exceptions\SecurityException::forDisallowedAction()
 2 SYSTEMPATH\Filters\CSRF.php(56): CodeIgniter\Security\Security->verify(Object(CodeIgniter\HTTP\IncomingRequest))
 3 SYSTEMPATH\Filters\Filters.php(184): CodeIgniter\Filters\CSRF->before(Object(CodeIgniter\HTTP\IncomingRequest), null)
 4 SYSTEMPATH\CodeIgniter.php(474): CodeIgniter\Filters\Filters->run('login', 'before')
 5 SYSTEMPATH\CodeIgniter.php(361): CodeIgniter\CodeIgniter->handleRequest(null, Object(Config\Cache), false)
 6 FCPATH\index.php(79): CodeIgniter\CodeIgniter->run()
CRITICAL - 2025-03-04 20:59:48 --> The action you requested is not allowed.
in SYSTEMPATH\Security\Security.php on line 300.
 1 SYSTEMPATH\Security\Security.php(300): CodeIgniter\Security\Exceptions\SecurityException::forDisallowedAction()
 2 SYSTEMPATH\Filters\CSRF.php(56): CodeIgniter\Security\Security->verify(Object(CodeIgniter\HTTP\IncomingRequest))
 3 SYSTEMPATH\Filters\Filters.php(184): CodeIgniter\Filters\CSRF->before(Object(CodeIgniter\HTTP\IncomingRequest), null)
 4 SYSTEMPATH\CodeIgniter.php(474): CodeIgniter\Filters\Filters->run('login', 'before')
 5 SYSTEMPATH\CodeIgniter.php(361): CodeIgniter\CodeIgniter->handleRequest(null, Object(Config\Cache), false)
 6 FCPATH\index.php(79): CodeIgniter\CodeIgniter->run()
INFO - 2025-03-04 21:00:34 --> CSRF token verified.
INFO - 2025-03-04 21:00:34 --> Session: Class initialized using 'CodeIgniter\Session\Handlers\FileHandler' driver.
CRITICAL - 2025-03-04 21:00:42 --> The action you requested is not allowed.
in SYSTEMPATH\Security\Security.php on line 300.
 1 SYSTEMPATH\Security\Security.php(300): CodeIgniter\Security\Exceptions\SecurityException::forDisallowedAction()
 2 SYSTEMPATH\Filters\CSRF.php(56): CodeIgniter\Security\Security->verify(Object(CodeIgniter\HTTP\IncomingRequest))
 3 SYSTEMPATH\Filters\Filters.php(184): CodeIgniter\Filters\CSRF->before(Object(CodeIgniter\HTTP\IncomingRequest), null)
 4 SYSTEMPATH\CodeIgniter.php(474): CodeIgniter\Filters\Filters->run('login', 'before')
 5 SYSTEMPATH\CodeIgniter.php(361): CodeIgniter\CodeIgniter->handleRequest(null, Object(Config\Cache), false)
 6 FCPATH\index.php(79): CodeIgniter\CodeIgniter->run()
CRITICAL - 2025-03-04 21:02:02 --> Call to undefined function set_value()
in APPPATH\Views\pages\accesso.php on line 9.
 1 SYSTEMPATH\View\View.php(228): include()
 2 SYSTEMPATH\View\View.php(231): CodeIgniter\View\View->CodeIgniter\View\{closure}()
 3 SYSTEMPATH\Common.php(1190): CodeIgniter\View\View->render('pages/accesso', [], true)
 4 APPPATH\Controllers\Pages.php(22): view('pages/accesso', [...])
 5 SYSTEMPATH\CodeIgniter.php(942): App\Controllers\Pages->view('accesso')
 6 SYSTEMPATH\CodeIgniter.php(502): CodeIgniter\CodeIgniter->runController(Object(App\Controllers\Pages))
 7 SYSTEMPATH\CodeIgniter.php(361): CodeIgniter\CodeIgniter->handleRequest(null, Object(Config\Cache), false)
 8 FCPATH\index.php(79): CodeIgniter\CodeIgniter->run()
CRITICAL - 2025-03-04 21:02:05 --> Call to undefined function set_value()
in APPPATH\Views\pages\accesso.php on line 9.
 1 SYSTEMPATH\View\View.php(228): include()
 2 SYSTEMPATH\View\View.php(231): CodeIgniter\View\View->CodeIgniter\View\{closure}()
 3 SYSTEMPATH\Common.php(1190): CodeIgniter\View\View->render('pages/accesso', [], true)
 4 APPPATH\Controllers\Pages.php(22): view('pages/accesso', [...])
 5 SYSTEMPATH\CodeIgniter.php(942): App\Controllers\Pages->view('accesso')
 6 SYSTEMPATH\CodeIgniter.php(502): CodeIgniter\CodeIgniter->runController(Object(App\Controllers\Pages))
 7 SYSTEMPATH\CodeIgniter.php(361): CodeIgniter\CodeIgniter->handleRequest(null, Object(Config\Cache), false)
 8 FCPATH\index.php(79): CodeIgniter\CodeIgniter->run()
CRITICAL - 2025-03-04 21:03:29 --> Call to undefined function set_value()
in APPPATH\Views\pages\accesso.php on line 9.
 1 SYSTEMPATH\View\View.php(228): include()
 2 SYSTEMPATH\View\View.php(231): CodeIgniter\View\View->CodeIgniter\View\{closure}()
 3 SYSTEMPATH\Common.php(1190): CodeIgniter\View\View->render('pages/accesso', [], true)
 4 APPPATH\Controllers\Pages.php(22): view('pages/accesso', [...])
 5 SYSTEMPATH\CodeIgniter.php(942): App\Controllers\Pages->view('accesso')
 6 SYSTEMPATH\CodeIgniter.php(502): CodeIgniter\CodeIgniter->runController(Object(App\Controllers\Pages))
 7 SYSTEMPATH\CodeIgniter.php(361): CodeIgniter\CodeIgniter->handleRequest(null, Object(Config\Cache), false)
 8 FCPATH\index.php(79): CodeIgniter\CodeIgniter->run()
CRITICAL - 2025-03-04 21:04:01 --> Call to undefined function set_value()
in APPPATH\Views\pages\accesso.php on line 9.
 1 SYSTEMPATH\View\View.php(228): include()
 2 SYSTEMPATH\View\View.php(231): CodeIgniter\View\View->CodeIgniter\View\{closure}()
 3 SYSTEMPATH\Common.php(1190): CodeIgniter\View\View->render('pages/accesso', [], true)
 4 APPPATH\Controllers\Pages.php(22): view('pages/accesso', [...])
 5 SYSTEMPATH\CodeIgniter.php(942): App\Controllers\Pages->view('accesso')
 6 SYSTEMPATH\CodeIgniter.php(502): CodeIgniter\CodeIgniter->runController(Object(App\Controllers\Pages))
 7 SYSTEMPATH\CodeIgniter.php(361): CodeIgniter\CodeIgniter->handleRequest(null, Object(Config\Cache), false)
 8 FCPATH\index.php(79): CodeIgniter\CodeIgniter->run()
CRITICAL - 2025-03-04 21:04:32 --> Call to undefined function set_value()
in APPPATH\Views\pages\accesso.php on line 9.
 1 SYSTEMPATH\View\View.php(228): include()
 2 SYSTEMPATH\View\View.php(231): CodeIgniter\View\View->CodeIgniter\View\{closure}()
 3 SYSTEMPATH\Common.php(1190): CodeIgniter\View\View->render('pages/accesso', [], true)
 4 APPPATH\Controllers\Pages.php(22): view('pages/accesso', [...])
 5 SYSTEMPATH\CodeIgniter.php(942): App\Controllers\Pages->view('accesso')
 6 SYSTEMPATH\CodeIgniter.php(502): CodeIgniter\CodeIgniter->runController(Object(App\Controllers\Pages))
 7 SYSTEMPATH\CodeIgniter.php(361): CodeIgniter\CodeIgniter->handleRequest(null, Object(Config\Cache), false)
 8 FCPATH\index.php(79): CodeIgniter\CodeIgniter->run()
CRITICAL - 2025-03-04 21:05:58 --> Call to undefined function set_value()
in APPPATH\Views\pages\accesso.php on line 9.
 1 SYSTEMPATH\View\View.php(228): include()
 2 SYSTEMPATH\View\View.php(231): CodeIgniter\View\View->CodeIgniter\View\{closure}()
 3 SYSTEMPATH\Common.php(1190): CodeIgniter\View\View->render('pages/accesso', [], true)
 4 APPPATH\Controllers\Pages.php(22): view('pages/accesso', [...])
 5 SYSTEMPATH\CodeIgniter.php(942): App\Controllers\Pages->view('accesso')
 6 SYSTEMPATH\CodeIgniter.php(502): CodeIgniter\CodeIgniter->runController(Object(App\Controllers\Pages))
 7 SYSTEMPATH\CodeIgniter.php(361): CodeIgniter\CodeIgniter->handleRequest(null, Object(Config\Cache), false)
 8 FCPATH\index.php(79): CodeIgniter\CodeIgniter->run()
INFO - 2025-03-04 21:06:38 --> CSRF token verified.
INFO - 2025-03-04 21:06:38 --> Session: Class initialized using 'CodeIgniter\Session\Handlers\FileHandler' driver.
INFO - 2025-03-04 21:07:06 --> CSRF token verified.
INFO - 2025-03-04 21:07:06 --> Session: Class initialized using 'CodeIgniter\Session\Handlers\FileHandler' driver.
INFO - 2025-03-04 21:07:16 --> CSRF token verified.
INFO - 2025-03-04 21:07:16 --> Session: Class initialized using 'CodeIgniter\Session\Handlers\FileHandler' driver.
INFO - 2025-03-04 21:08:10 --> CSRF token verified.
INFO - 2025-03-04 21:08:10 --> Session: Class initialized using 'CodeIgniter\Session\Handlers\FileHandler' driver.
INFO - 2025-03-04 21:08:25 --> CSRF token verified.
INFO - 2025-03-04 21:08:25 --> Session: Class initialized using 'CodeIgniter\Session\Handlers\FileHandler' driver.
INFO - 2025-03-04 21:08:34 --> CSRF token verified.
INFO - 2025-03-04 21:08:34 --> Session: Class initialized using 'CodeIgniter\Session\Handlers\FileHandler' driver.
INFO - 2025-03-04 21:10:04 --> CSRF token verified.
INFO - 2025-03-04 21:10:04 --> Session: Class initialized using 'CodeIgniter\Session\Handlers\FileHandler' driver.
INFO - 2025-03-04 21:10:26 --> CSRF token verified.
INFO - 2025-03-04 21:10:26 --> Session: Class initialized using 'CodeIgniter\Session\Handlers\FileHandler' driver.
